Setting up the environment...
Job started on gl1514.arc-ts.umich.edu at Fri Nov 21 18:01:52 EST 2025
Python version: Python 3.9.7
PyTorch version: 2.8.0+cu128
CUDA available: True
Current GPU: NVIDIA A40
----------------------------------------------------------------
Starting the Python training script...
Model: facebook/wav2vec2-xls-r-300m
Using device: cuda | RawBoost=True (p=0.9)
[epoch 001] alpha=0.00 | train_loss=5.3299 | dev_loss=4.9805
✓ Saved best -> /home/jsudan/wav2vec_contr_loss/checkpoints_stage1/supcon/with_rawboost/facebook__wav2vec2-xls-r-300m/facebook__wav2vec2-xls-r-300m_stage1_head_best.pt (dev=4.9805)
[epoch 002] alpha=0.00 | train_loss=5.0234 | dev_loss=4.9742
✓ Saved best -> /home/jsudan/wav2vec_contr_loss/checkpoints_stage1/supcon/with_rawboost/facebook__wav2vec2-xls-r-300m/facebook__wav2vec2-xls-r-300m_stage1_head_best.pt (dev=4.9742)
[epoch 003] alpha=0.00 | train_loss=4.9466 | dev_loss=4.8818
✓ Saved best -> /home/jsudan/wav2vec_contr_loss/checkpoints_stage1/supcon/with_rawboost/facebook__wav2vec2-xls-r-300m/facebook__wav2vec2-xls-r-300m_stage1_head_best.pt (dev=4.8818)
[epoch 004] alpha=0.00 | train_loss=4.9243 | dev_loss=4.8827
[epoch 005] alpha=0.00 | train_loss=4.9087 | dev_loss=4.8809
✓ Saved best -> /home/jsudan/wav2vec_contr_loss/checkpoints_stage1/supcon/with_rawboost/facebook__wav2vec2-xls-r-300m/facebook__wav2vec2-xls-r-300m_stage1_head_best.pt (dev=4.8809)
[epoch 006] alpha=0.00 | train_loss=4.9164 | dev_loss=4.9158
[epoch 007] alpha=0.00 | train_loss=4.9003 | dev_loss=4.8680
✓ Saved best -> /home/jsudan/wav2vec_contr_loss/checkpoints_stage1/supcon/with_rawboost/facebook__wav2vec2-xls-r-300m/facebook__wav2vec2-xls-r-300m_stage1_head_best.pt (dev=4.8680)
[epoch 008] alpha=0.00 | train_loss=4.8997 | dev_loss=4.8767
[epoch 009] alpha=0.01 | train_loss=4.8944 | dev_loss=5.0415
[epoch 010] alpha=0.03 | train_loss=4.8972 | dev_loss=4.8692
[epoch 011] alpha=0.04 | train_loss=4.8937 | dev_loss=4.8686
[epoch 012] alpha=0.05 | train_loss=4.8781 | dev_loss=4.8734
[epoch 013] alpha=0.06 | train_loss=4.8768 | dev_loss=4.8837
[epoch 014] alpha=0.07 | train_loss=4.8897 | dev_loss=4.8837
[epoch 015] alpha=0.09 | train_loss=4.8910 | dev_loss=4.8793
[epoch 016] alpha=0.10 | train_loss=4.8876 | dev_loss=4.8784
[epoch 017] alpha=0.11 | train_loss=4.8725 | dev_loss=4.8593
✓ Saved best -> /home/jsudan/wav2vec_contr_loss/checkpoints_stage1/supcon/with_rawboost/facebook__wav2vec2-xls-r-300m/facebook__wav2vec2-xls-r-300m_stage1_head_best.pt (dev=4.8593)
[epoch 018] alpha=0.12 | train_loss=4.8755 | dev_loss=4.9188
[epoch 019] alpha=0.14 | train_loss=4.8767 | dev_loss=4.8640
[epoch 020] alpha=0.15 | train_loss=4.8666 | dev_loss=4.8678
[epoch 021] alpha=0.16 | train_loss=4.8728 | dev_loss=4.8583
✓ Saved best -> /home/jsudan/wav2vec_contr_loss/checkpoints_stage1/supcon/with_rawboost/facebook__wav2vec2-xls-r-300m/facebook__wav2vec2-xls-r-300m_stage1_head_best.pt (dev=4.8583)
[epoch 022] alpha=0.17 | train_loss=4.8723 | dev_loss=4.8815
[epoch 023] alpha=0.19 | train_loss=4.8668 | dev_loss=4.8596
[epoch 024] alpha=0.20 | train_loss=4.8767 | dev_loss=4.8778
[epoch 025] alpha=0.21 | train_loss=4.8690 | dev_loss=4.8574
✓ Saved best -> /home/jsudan/wav2vec_contr_loss/checkpoints_stage1/supcon/with_rawboost/facebook__wav2vec2-xls-r-300m/facebook__wav2vec2-xls-r-300m_stage1_head_best.pt (dev=4.8574)
[epoch 026] alpha=0.23 | train_loss=4.8643 | dev_loss=4.9326
[epoch 027] alpha=0.24 | train_loss=4.8617 | dev_loss=4.8658
[epoch 028] alpha=0.25 | train_loss=4.8632 | dev_loss=4.8890
[epoch 029] alpha=0.26 | train_loss=4.8647 | dev_loss=4.9139
[epoch 030] alpha=0.28 | train_loss=4.8758 | dev_loss=4.8586
[epoch 031] alpha=0.29 | train_loss=4.8625 | dev_loss=4.8673
[epoch 032] alpha=0.30 | train_loss=4.8764 | dev_loss=4.9432
[epoch 033] alpha=0.31 | train_loss=4.8708 | dev_loss=4.8823
[epoch 034] alpha=0.33 | train_loss=4.8632 | dev_loss=4.8730
[epoch 035] alpha=0.34 | train_loss=4.8606 | dev_loss=4.8676
[epoch 036] alpha=0.35 | train_loss=4.8647 | dev_loss=5.0741
[epoch 037] alpha=0.36 | train_loss=4.8720 | dev_loss=5.1810
[epoch 038] alpha=0.38 | train_loss=4.8607 | dev_loss=4.8528
✓ Saved best -> /home/jsudan/wav2vec_contr_loss/checkpoints_stage1/supcon/with_rawboost/facebook__wav2vec2-xls-r-300m/facebook__wav2vec2-xls-r-300m_stage1_head_best.pt (dev=4.8528)
[epoch 039] alpha=0.39 | train_loss=4.8690 | dev_loss=4.8720
[epoch 040] alpha=0.40 | train_loss=4.8584 | dev_loss=4.8743
[epoch 041] alpha=0.41 | train_loss=4.8572 | dev_loss=4.8543
[epoch 042] alpha=0.42 | train_loss=4.8598 | dev_loss=4.8712
[epoch 043] alpha=0.44 | train_loss=4.8616 | dev_loss=4.8573
[epoch 044] alpha=0.45 | train_loss=4.8594 | dev_loss=4.8527
✓ Saved best -> /home/jsudan/wav2vec_contr_loss/checkpoints_stage1/supcon/with_rawboost/facebook__wav2vec2-xls-r-300m/facebook__wav2vec2-xls-r-300m_stage1_head_best.pt (dev=4.8527)
[epoch 045] alpha=0.46 | train_loss=4.8603 | dev_loss=4.8665
[epoch 046] alpha=0.47 | train_loss=4.8595 | dev_loss=4.8544
[epoch 047] alpha=0.49 | train_loss=4.8610 | dev_loss=4.8554
[epoch 048] alpha=0.50 | train_loss=4.8594 | dev_loss=4.9579
[epoch 049] alpha=0.51 | train_loss=4.8566 | dev_loss=4.8567
[epoch 050] alpha=0.53 | train_loss=4.8573 | dev_loss=4.8589
[epoch 051] alpha=0.54 | train_loss=4.8567 | dev_loss=4.8656
[epoch 052] alpha=0.55 | train_loss=4.8569 | dev_loss=4.8880
[epoch 053] alpha=0.56 | train_loss=4.8589 | dev_loss=4.8569
[epoch 054] alpha=0.57 | train_loss=4.8585 | dev_loss=4.8546
[epoch 055] alpha=0.59 | train_loss=4.8641 | dev_loss=4.8666
[epoch 056] alpha=0.60 | train_loss=4.8578 | dev_loss=4.8711
[epoch 057] alpha=0.61 | train_loss=4.8572 | dev_loss=4.9016
[epoch 058] alpha=0.62 | train_loss=4.8537 | dev_loss=4.8574
[epoch 059] alpha=0.64 | train_loss=4.8526 | dev_loss=4.8510
✓ Saved best -> /home/jsudan/wav2vec_contr_loss/checkpoints_stage1/supcon/with_rawboost/facebook__wav2vec2-xls-r-300m/facebook__wav2vec2-xls-r-300m_stage1_head_best.pt (dev=4.8510)
[epoch 060] alpha=0.65 | train_loss=4.8564 | dev_loss=4.8559
[epoch 061] alpha=0.66 | train_loss=4.8552 | dev_loss=4.8546
[epoch 062] alpha=0.68 | train_loss=4.8567 | dev_loss=4.8609
[epoch 063] alpha=0.69 | train_loss=4.8548 | dev_loss=4.8549
[epoch 064] alpha=0.70 | train_loss=4.8563 | dev_loss=4.8545
[epoch 065] alpha=0.71 | train_loss=4.8495 | dev_loss=4.8873
[epoch 066] alpha=0.72 | train_loss=4.8608 | dev_loss=4.9989
[epoch 067] alpha=0.74 | train_loss=4.8584 | dev_loss=4.9563
[epoch 068] alpha=0.75 | train_loss=4.8555 | dev_loss=4.8605
[epoch 069] alpha=0.76 | train_loss=4.8531 | dev_loss=4.8572
[epoch 070] alpha=0.78 | train_loss=4.8499 | dev_loss=4.8553
[epoch 071] alpha=0.79 | train_loss=4.8515 | dev_loss=4.8753
[epoch 072] alpha=0.80 | train_loss=4.8546 | dev_loss=4.8704
[epoch 073] alpha=0.81 | train_loss=4.8559 | dev_loss=4.8567
[epoch 074] alpha=0.82 | train_loss=4.8545 | dev_loss=4.8629
[epoch 075] alpha=0.84 | train_loss=4.8551 | dev_loss=4.8840
[epoch 076] alpha=0.85 | train_loss=4.8523 | dev_loss=4.8693
[epoch 077] alpha=0.86 | train_loss=4.8553 | dev_loss=4.8699
[epoch 078] alpha=0.88 | train_loss=4.8517 | dev_loss=4.8573
[epoch 079] alpha=0.89 | train_loss=4.8522 | dev_loss=4.8601
[epoch 080] alpha=0.90 | train_loss=4.8547 | dev_loss=4.8738
[epoch 081] alpha=0.91 | train_loss=4.8496 | dev_loss=4.8647
[epoch 082] alpha=0.93 | train_loss=4.8514 | dev_loss=4.8748
[epoch 083] alpha=0.94 | train_loss=4.8527 | dev_loss=4.9327
[epoch 084] alpha=0.95 | train_loss=4.8506 | dev_loss=4.8578
[epoch 085] alpha=0.96 | train_loss=4.8522 | dev_loss=4.8742
[epoch 086] alpha=0.97 | train_loss=4.8501 | dev_loss=4.8540
[epoch 087] alpha=0.99 | train_loss=4.8515 | dev_loss=4.8639
[epoch 088] alpha=1.00 | train_loss=4.8519 | dev_loss=4.8594
[epoch 089] alpha=1.00 | train_loss=4.8503 | dev_loss=4.8632
[epoch 090] alpha=1.00 | train_loss=4.8536 | dev_loss=4.8630
[epoch 091] alpha=1.00 | train_loss=4.8474 | dev_loss=4.8627
[epoch 092] alpha=1.00 | train_loss=4.8500 | dev_loss=4.8605
[epoch 093] alpha=1.00 | train_loss=4.8507 | dev_loss=4.8569
[epoch 094] alpha=1.00 | train_loss=4.8490 | dev_loss=4.8651
[epoch 095] alpha=1.00 | train_loss=4.8464 | dev_loss=4.8588
[epoch 096] alpha=1.00 | train_loss=4.8505 | dev_loss=4.8612
[epoch 097] alpha=1.00 | train_loss=4.8487 | dev_loss=4.8564
[epoch 098] alpha=1.00 | train_loss=4.8487 | dev_loss=4.8533
[epoch 099] alpha=1.00 | train_loss=4.8502 | dev_loss=4.8594
[epoch 100] alpha=1.00 | train_loss=4.8494 | dev_loss=4.8545
Best checkpoint: /home/jsudan/wav2vec_contr_loss/checkpoints_stage1/supcon/with_rawboost/facebook__wav2vec2-xls-r-300m/facebook__wav2vec2-xls-r-300m_stage1_head_best.pt (dev=4.8510)
Using device: cuda
Model: facebook/wav2vec2-xls-r-300m
Checkpoint: /home/jsudan/wav2vec_contr_loss/checkpoints_stage1/supcon/with_rawboost/facebook__wav2vec2-xls-r-300m/facebook__wav2vec2-xls-r-300m_stage1_head_best.pt
Saving to: /home/jsudan/wav2vec_contr_loss/plots/dep_embeddings/ASV/with_rawboost/facebook__wav2vec2-xls-r-300m
Collecting embeddings on eval set...
/home/jsudan/myenv/lib/python3.9/site-packages/umap/umap_.py:1952: UserWarning: n_jobs value 1 overridden to 1 by setting random_state. Use no seed for parallelism.
  warn(
/home/jsudan/myenv/lib/python3.9/site-packages/numba/np/ufunc/parallel.py:371: NumbaWarning: The TBB threading layer requires TBB version 2021 update 6 or later i.e., TBB_INTERFACE_VERSION >= 12060. Found TBB_INTERFACE_VERSION = 12040. The TBB threading layer is disabled.
  warnings.warn(problem)
  Processed 5120 samples...
  Processed 10240 samples...
  Processed 15360 samples...
  Processed 20480 samples...
  Processed 25600 samples...
  Processed 30720 samples...
  Processed 35840 samples...
  Processed 40960 samples...
  Processed 46080 samples...
  Processed 51200 samples...
  Processed 56320 samples...
  Processed 61440 samples...
  Processed 66560 samples...
Total eval embeddings: 71237 (dim=256)
Running UMAP...
Saving PNG plot...
Saved PNG: /home/jsudan/wav2vec_contr_loss/plots/dep_embeddings/ASV/with_rawboost/facebook__wav2vec2-xls-r-300m/stage1_umap_eval_by_attack.png
Saving interactive HTML plot...
Saved HTML: /home/jsudan/wav2vec_contr_loss/plots/dep_embeddings/ASV/with_rawboost/facebook__wav2vec2-xls-r-300m/stage1_umap_eval_by_attack.html
Done.
Using device: cuda
Model: facebook/wav2vec2-xls-r-300m
Checkpoint: /home/jsudan/wav2vec_contr_loss/checkpoints_stage1/supcon/with_rawboost/facebook__wav2vec2-xls-r-300m/facebook__wav2vec2-xls-r-300m_stage1_head_best.pt
Saving to: /home/jsudan/wav2vec_contr_loss/plots/dep_embeddings/ITW/with_rawboost/facebook__wav2vec2-xls-r-300m
Collecting embeddings on eval set...
/home/jsudan/myenv/lib/python3.9/site-packages/umap/umap_.py:1952: UserWarning: n_jobs value 1 overridden to 1 by setting random_state. Use no seed for parallelism.
  warn(
/home/jsudan/myenv/lib/python3.9/site-packages/numba/np/ufunc/parallel.py:371: NumbaWarning: The TBB threading layer requires TBB version 2021 update 6 or later i.e., TBB_INTERFACE_VERSION >= 12060. Found TBB_INTERFACE_VERSION = 12040. The TBB threading layer is disabled.
  warnings.warn(problem)
slurmstepd: error: *** JOB 36628461 ON gl1514 CANCELLED AT 2025-11-22T06:02:19 DUE TO TIME LIMIT ***
