Setting up the environment...
Job started on gl1528.arc-ts.umich.edu at Sun Dec 21 15:10:55 EST 2025
Python version: Python 3.9.7
PyTorch version: 2.8.0+cu128
CUDA available: True
Current GPU: NVIDIA A40
----------------------------------------------------------------
EXPERIMENT NAME: vanilla_supcon
Model: facebook/wav2vec2-xls-r-300m
Using device: cuda | RawBoost=True (p=0.7)
[epoch 001] alpha=0.00 | train_loss=5.5392 | dev_loss=5.5298
✓ Saved best -> /home/jsudan/wav2vec_contr_loss/checkpoints_stage1/vanilla_supcon/facebook__wav2vec2-xls-r-300m/facebook__wav2vec2-xls-r-300m_stage1_head_best.pt (dev=5.5298)
[epoch 002] alpha=0.00 | train_loss=5.5142 | dev_loss=5.3603
✓ Saved best -> /home/jsudan/wav2vec_contr_loss/checkpoints_stage1/vanilla_supcon/facebook__wav2vec2-xls-r-300m/facebook__wav2vec2-xls-r-300m_stage1_head_best.pt (dev=5.3603)
[epoch 003] alpha=0.00 | train_loss=5.2662 | dev_loss=5.1113
✓ Saved best -> /home/jsudan/wav2vec_contr_loss/checkpoints_stage1/vanilla_supcon/facebook__wav2vec2-xls-r-300m/facebook__wav2vec2-xls-r-300m_stage1_head_best.pt (dev=5.1113)
[epoch 004] alpha=0.00 | train_loss=5.1189 | dev_loss=4.9958
✓ Saved best -> /home/jsudan/wav2vec_contr_loss/checkpoints_stage1/vanilla_supcon/facebook__wav2vec2-xls-r-300m/facebook__wav2vec2-xls-r-300m_stage1_head_best.pt (dev=4.9958)
[epoch 005] alpha=0.00 | train_loss=5.0491 | dev_loss=4.9664
✓ Saved best -> /home/jsudan/wav2vec_contr_loss/checkpoints_stage1/vanilla_supcon/facebook__wav2vec2-xls-r-300m/facebook__wav2vec2-xls-r-300m_stage1_head_best.pt (dev=4.9664)
[epoch 006] alpha=0.00 | train_loss=5.0176 | dev_loss=4.9462
✓ Saved best -> /home/jsudan/wav2vec_contr_loss/checkpoints_stage1/vanilla_supcon/facebook__wav2vec2-xls-r-300m/facebook__wav2vec2-xls-r-300m_stage1_head_best.pt (dev=4.9462)
[epoch 007] alpha=0.00 | train_loss=5.0097 | dev_loss=4.9269
✓ Saved best -> /home/jsudan/wav2vec_contr_loss/checkpoints_stage1/vanilla_supcon/facebook__wav2vec2-xls-r-300m/facebook__wav2vec2-xls-r-300m_stage1_head_best.pt (dev=4.9269)
[epoch 008] alpha=0.00 | train_loss=5.0334 | dev_loss=4.9500
[epoch 009] alpha=0.00 | train_loss=4.9898 | dev_loss=4.9404
[epoch 010] alpha=0.00 | train_loss=4.9777 | dev_loss=4.9200
✓ Saved best -> /home/jsudan/wav2vec_contr_loss/checkpoints_stage1/vanilla_supcon/facebook__wav2vec2-xls-r-300m/facebook__wav2vec2-xls-r-300m_stage1_head_best.pt (dev=4.9200)
[epoch 011] alpha=0.00 | train_loss=4.9667 | dev_loss=4.9244
[epoch 012] alpha=0.00 | train_loss=4.9666 | dev_loss=4.9173
✓ Saved best -> /home/jsudan/wav2vec_contr_loss/checkpoints_stage1/vanilla_supcon/facebook__wav2vec2-xls-r-300m/facebook__wav2vec2-xls-r-300m_stage1_head_best.pt (dev=4.9173)
[epoch 013] alpha=0.00 | train_loss=4.9977 | dev_loss=4.9259
[epoch 014] alpha=0.00 | train_loss=4.9576 | dev_loss=4.9084
✓ Saved best -> /home/jsudan/wav2vec_contr_loss/checkpoints_stage1/vanilla_supcon/facebook__wav2vec2-xls-r-300m/facebook__wav2vec2-xls-r-300m_stage1_head_best.pt (dev=4.9084)
[epoch 015] alpha=0.00 | train_loss=4.9512 | dev_loss=4.8973
✓ Saved best -> /home/jsudan/wav2vec_contr_loss/checkpoints_stage1/vanilla_supcon/facebook__wav2vec2-xls-r-300m/facebook__wav2vec2-xls-r-300m_stage1_head_best.pt (dev=4.8973)
[epoch 016] alpha=0.00 | train_loss=4.9438 | dev_loss=4.8932
✓ Saved best -> /home/jsudan/wav2vec_contr_loss/checkpoints_stage1/vanilla_supcon/facebook__wav2vec2-xls-r-300m/facebook__wav2vec2-xls-r-300m_stage1_head_best.pt (dev=4.8932)
[epoch 017] alpha=0.00 | train_loss=4.9437 | dev_loss=4.8950
[epoch 018] alpha=0.00 | train_loss=4.9472 | dev_loss=4.9260
[epoch 019] alpha=0.00 | train_loss=4.9511 | dev_loss=4.8910
✓ Saved best -> /home/jsudan/wav2vec_contr_loss/checkpoints_stage1/vanilla_supcon/facebook__wav2vec2-xls-r-300m/facebook__wav2vec2-xls-r-300m_stage1_head_best.pt (dev=4.8910)
[epoch 020] alpha=0.00 | train_loss=4.9563 | dev_loss=4.9074
[epoch 021] alpha=0.00 | train_loss=4.9592 | dev_loss=4.9092
[epoch 022] alpha=0.00 | train_loss=4.9397 | dev_loss=4.8996
[epoch 023] alpha=0.00 | train_loss=4.9426 | dev_loss=4.9051
[epoch 024] alpha=0.00 | train_loss=4.9384 | dev_loss=4.8917
[epoch 025] alpha=0.00 | train_loss=4.9211 | dev_loss=4.9150
[epoch 026] alpha=0.00 | train_loss=4.9554 | dev_loss=4.9144
[epoch 027] alpha=0.00 | train_loss=4.9516 | dev_loss=4.9818
[epoch 028] alpha=0.00 | train_loss=4.9553 | dev_loss=4.9106
[epoch 029] alpha=0.00 | train_loss=4.9411 | dev_loss=4.8859
✓ Saved best -> /home/jsudan/wav2vec_contr_loss/checkpoints_stage1/vanilla_supcon/facebook__wav2vec2-xls-r-300m/facebook__wav2vec2-xls-r-300m_stage1_head_best.pt (dev=4.8859)
[epoch 030] alpha=0.00 | train_loss=4.9454 | dev_loss=4.9098
[epoch 031] alpha=0.00 | train_loss=4.9397 | dev_loss=4.8896
[epoch 032] alpha=0.00 | train_loss=4.9381 | dev_loss=4.9081
[epoch 033] alpha=0.00 | train_loss=4.9480 | dev_loss=4.8948
[epoch 034] alpha=0.00 | train_loss=4.9620 | dev_loss=4.8940
[epoch 035] alpha=0.00 | train_loss=4.9309 | dev_loss=4.8911
[epoch 036] alpha=0.00 | train_loss=4.9299 | dev_loss=4.8896
[epoch 037] alpha=0.00 | train_loss=4.9334 | dev_loss=4.8849
✓ Saved best -> /home/jsudan/wav2vec_contr_loss/checkpoints_stage1/vanilla_supcon/facebook__wav2vec2-xls-r-300m/facebook__wav2vec2-xls-r-300m_stage1_head_best.pt (dev=4.8849)
[epoch 038] alpha=0.00 | train_loss=4.9355 | dev_loss=4.9108
[epoch 039] alpha=0.00 | train_loss=4.9302 | dev_loss=4.8824
✓ Saved best -> /home/jsudan/wav2vec_contr_loss/checkpoints_stage1/vanilla_supcon/facebook__wav2vec2-xls-r-300m/facebook__wav2vec2-xls-r-300m_stage1_head_best.pt (dev=4.8824)
[epoch 040] alpha=0.00 | train_loss=4.9242 | dev_loss=4.9096
[epoch 041] alpha=0.00 | train_loss=4.9246 | dev_loss=4.9083
[epoch 042] alpha=0.00 | train_loss=4.9275 | dev_loss=4.8851
[epoch 043] alpha=0.00 | train_loss=4.9117 | dev_loss=4.8915
[epoch 044] alpha=0.00 | train_loss=4.9229 | dev_loss=4.8972
[epoch 045] alpha=0.00 | train_loss=4.9225 | dev_loss=4.8863
[epoch 046] alpha=0.00 | train_loss=4.9188 | dev_loss=4.8842
[epoch 047] alpha=0.00 | train_loss=4.9311 | dev_loss=4.8929
[epoch 048] alpha=0.00 | train_loss=4.9290 | dev_loss=4.8831
[epoch 049] alpha=0.00 | train_loss=4.9188 | dev_loss=4.9242
[epoch 050] alpha=0.00 | train_loss=4.9258 | dev_loss=4.9056
[epoch 051] alpha=0.00 | train_loss=4.9174 | dev_loss=4.8949
[epoch 052] alpha=0.00 | train_loss=4.9555 | dev_loss=4.8876
[epoch 053] alpha=0.00 | train_loss=4.9184 | dev_loss=4.9041
[epoch 054] alpha=0.00 | train_loss=4.9180 | dev_loss=4.8891
[epoch 055] alpha=0.00 | train_loss=4.9235 | dev_loss=4.8929
[epoch 056] alpha=0.00 | train_loss=4.9234 | dev_loss=4.9035
[epoch 057] alpha=0.00 | train_loss=4.9258 | dev_loss=4.9054
[epoch 058] alpha=0.00 | train_loss=4.9200 | dev_loss=4.8970
[epoch 059] alpha=0.00 | train_loss=4.9234 | dev_loss=4.8800
✓ Saved best -> /home/jsudan/wav2vec_contr_loss/checkpoints_stage1/vanilla_supcon/facebook__wav2vec2-xls-r-300m/facebook__wav2vec2-xls-r-300m_stage1_head_best.pt (dev=4.8800)
[epoch 060] alpha=0.00 | train_loss=4.9158 | dev_loss=4.8878
[epoch 061] alpha=0.00 | train_loss=4.9253 | dev_loss=4.8874
[epoch 062] alpha=0.00 | train_loss=4.9142 | dev_loss=4.9080
[epoch 063] alpha=0.00 | train_loss=4.9257 | dev_loss=4.8873
[epoch 064] alpha=0.00 | train_loss=4.9107 | dev_loss=4.8992
[epoch 065] alpha=0.00 | train_loss=4.9191 | dev_loss=4.8795
✓ Saved best -> /home/jsudan/wav2vec_contr_loss/checkpoints_stage1/vanilla_supcon/facebook__wav2vec2-xls-r-300m/facebook__wav2vec2-xls-r-300m_stage1_head_best.pt (dev=4.8795)
[epoch 066] alpha=0.00 | train_loss=4.9346 | dev_loss=4.9076
[epoch 067] alpha=0.00 | train_loss=4.9202 | dev_loss=4.9178
[epoch 068] alpha=0.00 | train_loss=4.9262 | dev_loss=4.9403
[epoch 069] alpha=0.00 | train_loss=4.9251 | dev_loss=4.8810
[epoch 070] alpha=0.00 | train_loss=4.9381 | dev_loss=4.8909
[epoch 071] alpha=0.00 | train_loss=4.9125 | dev_loss=4.8783
✓ Saved best -> /home/jsudan/wav2vec_contr_loss/checkpoints_stage1/vanilla_supcon/facebook__wav2vec2-xls-r-300m/facebook__wav2vec2-xls-r-300m_stage1_head_best.pt (dev=4.8783)
[epoch 072] alpha=0.00 | train_loss=4.9121 | dev_loss=4.8845
[epoch 073] alpha=0.00 | train_loss=4.9206 | dev_loss=4.8855
[epoch 074] alpha=0.00 | train_loss=4.9153 | dev_loss=4.8977
[epoch 075] alpha=0.00 | train_loss=4.9229 | dev_loss=4.8875
[epoch 076] alpha=0.00 | train_loss=4.9138 | dev_loss=4.8841
[epoch 077] alpha=0.00 | train_loss=4.9134 | dev_loss=4.9027
[epoch 078] alpha=0.00 | train_loss=4.9290 | dev_loss=4.8845
[epoch 079] alpha=0.00 | train_loss=4.9124 | dev_loss=4.8882
[epoch 080] alpha=0.00 | train_loss=4.9178 | dev_loss=4.8799
[epoch 081] alpha=0.00 | train_loss=4.9181 | dev_loss=4.8833
[epoch 082] alpha=0.00 | train_loss=4.9104 | dev_loss=4.8805
[epoch 083] alpha=0.00 | train_loss=4.9253 | dev_loss=4.8992
[epoch 084] alpha=0.00 | train_loss=4.9127 | dev_loss=4.8863
[epoch 085] alpha=0.00 | train_loss=4.9165 | dev_loss=4.9200
[epoch 086] alpha=0.00 | train_loss=4.9166 | dev_loss=4.8835
[epoch 087] alpha=0.00 | train_loss=4.9069 | dev_loss=4.8833
[epoch 088] alpha=0.00 | train_loss=4.9177 | dev_loss=4.8827
[epoch 089] alpha=0.00 | train_loss=4.9109 | dev_loss=4.8777
✓ Saved best -> /home/jsudan/wav2vec_contr_loss/checkpoints_stage1/vanilla_supcon/facebook__wav2vec2-xls-r-300m/facebook__wav2vec2-xls-r-300m_stage1_head_best.pt (dev=4.8777)
[epoch 090] alpha=0.00 | train_loss=4.9222 | dev_loss=4.9015
[epoch 091] alpha=0.00 | train_loss=4.9211 | dev_loss=4.8861
[epoch 092] alpha=0.00 | train_loss=4.9146 | dev_loss=4.8723
✓ Saved best -> /home/jsudan/wav2vec_contr_loss/checkpoints_stage1/vanilla_supcon/facebook__wav2vec2-xls-r-300m/facebook__wav2vec2-xls-r-300m_stage1_head_best.pt (dev=4.8723)
[epoch 093] alpha=0.00 | train_loss=4.9104 | dev_loss=4.8788
[epoch 094] alpha=0.00 | train_loss=4.9143 | dev_loss=4.8816
[epoch 095] alpha=0.00 | train_loss=4.9140 | dev_loss=4.9284
[epoch 096] alpha=0.00 | train_loss=4.9293 | dev_loss=4.8811
[epoch 097] alpha=0.00 | train_loss=4.9135 | dev_loss=4.8776
[epoch 098] alpha=0.00 | train_loss=4.9067 | dev_loss=4.8714
✓ Saved best -> /home/jsudan/wav2vec_contr_loss/checkpoints_stage1/vanilla_supcon/facebook__wav2vec2-xls-r-300m/facebook__wav2vec2-xls-r-300m_stage1_head_best.pt (dev=4.8714)
[epoch 099] alpha=0.00 | train_loss=4.9104 | dev_loss=4.8816
[epoch 100] alpha=0.00 | train_loss=4.9187 | dev_loss=4.9336
Best checkpoint: /home/jsudan/wav2vec_contr_loss/checkpoints_stage1/vanilla_supcon/facebook__wav2vec2-xls-r-300m/facebook__wav2vec2-xls-r-300m_stage1_head_best.pt (dev=4.8714)
Using device: cuda
Model: facebook/wav2vec2-xls-r-300m
Checkpoint: /home/jsudan/wav2vec_contr_loss/checkpoints_stage1/vanilla_supcon/facebook__wav2vec2-xls-r-300m/facebook__wav2vec2-xls-r-300m_stage1_head_best.pt
Saving to: /home/jsudan/wav2vec_contr_loss/plots/dep_embeddings/ASV/vanilla_supcon/facebook__wav2vec2-xls-r-300m
Collecting embeddings on eval set...
/home/jsudan/myenv/lib/python3.9/site-packages/umap/umap_.py:1952: UserWarning: n_jobs value 1 overridden to 1 by setting random_state. Use no seed for parallelism.
  warn(
/home/jsudan/myenv/lib/python3.9/site-packages/numba/np/ufunc/parallel.py:371: NumbaWarning: The TBB threading layer requires TBB version 2021 update 6 or later i.e., TBB_INTERFACE_VERSION >= 12060. Found TBB_INTERFACE_VERSION = 12040. The TBB threading layer is disabled.
  warnings.warn(problem)
Invalid MIT-MAGIC-COOKIE-1 key  Processed 5120 samples...
  Processed 10240 samples...
  Processed 15360 samples...
  Processed 20480 samples...
  Processed 25600 samples...
  Processed 30720 samples...
  Processed 35840 samples...
  Processed 40960 samples...
  Processed 46080 samples...
  Processed 51200 samples...
  Processed 56320 samples...
  Processed 61440 samples...
  Processed 66560 samples...
Total eval embeddings: 71237 (dim=256)
Running UMAP...
Saving PNG plot...
Saved PNG: /home/jsudan/wav2vec_contr_loss/plots/dep_embeddings/ASV/vanilla_supcon/facebook__wav2vec2-xls-r-300m/stage1_umap_eval_by_attack.png
Saving interactive HTML plot...
Saved HTML: /home/jsudan/wav2vec_contr_loss/plots/dep_embeddings/ASV/vanilla_supcon/facebook__wav2vec2-xls-r-300m/stage1_umap_eval_by_attack.html
Done.
Using device: cuda
Model: facebook/wav2vec2-xls-r-300m
Checkpoint: /home/jsudan/wav2vec_contr_loss/checkpoints_stage1/vanilla_supcon/facebook__wav2vec2-xls-r-300m/facebook__wav2vec2-xls-r-300m_stage1_head_best.pt
Saving to: /home/jsudan/wav2vec_contr_loss/plots/dep_embeddings/ITW/vanilla_supcon/facebook__wav2vec2-xls-r-300m
Collecting embeddings on ITW set...
/home/jsudan/myenv/lib/python3.9/site-packages/umap/umap_.py:1952: UserWarning: n_jobs value 1 overridden to 1 by setting random_state. Use no seed for parallelism.
  warn(
/home/jsudan/myenv/lib/python3.9/site-packages/numba/np/ufunc/parallel.py:371: NumbaWarning: The TBB threading layer requires TBB version 2021 update 6 or later i.e., TBB_INTERFACE_VERSION >= 12060. Found TBB_INTERFACE_VERSION = 12040. The TBB threading layer is disabled.
  warnings.warn(problem)
Invalid MIT-MAGIC-COOKIE-1 key  Processed 5120 samples...
  Processed 10240 samples...
  Processed 15360 samples...
  Processed 20480 samples...
  Processed 25600 samples...
  Processed 30720 samples...
Total ITW embeddings: 31779 (dim=256)
Running UMAP...
Saving PNG plot...
Saved PNG: /home/jsudan/wav2vec_contr_loss/plots/dep_embeddings/ITW/vanilla_supcon/facebook__wav2vec2-xls-r-300m/stage1_umap_itw_real_vs_spoof.png
Saving interactive HTML plot...
Saved HTML: /home/jsudan/wav2vec_contr_loss/plots/dep_embeddings/ITW/vanilla_supcon/facebook__wav2vec2-xls-r-300m/stage1_umap_itw_real_vs_spoof.html
Done.
Using device: cuda
Loading Stage-1 checkpoint from: /home/jsudan/wav2vec_contr_loss/checkpoints_stage1/vanilla_supcon/facebook__wav2vec2-xls-r-300m/facebook__wav2vec2-xls-r-300m_stage1_head_best.pt
==> Building ASV dataset for split: train

[ASV] Extracting train:   0%|          | 0/100 [00:00<?, ?it/s]
[ASV] Extracting train:   1%|          | 1/100 [00:05<09:29,  5.76s/it]
[ASV] Extracting train:   2%|▏         | 2/100 [00:08<06:51,  4.20s/it]
[ASV] Extracting train:   3%|▎         | 3/100 [00:11<05:59,  3.70s/it]
[ASV] Extracting train:   4%|▍         | 4/100 [00:15<05:32,  3.47s/it]
[ASV] Extracting train:   5%|▌         | 5/100 [00:18<05:17,  3.34s/it]
[ASV] Extracting train:   6%|▌         | 6/100 [00:21<05:06,  3.26s/it]
[ASV] Extracting train:   7%|▋         | 7/100 [00:24<04:58,  3.21s/it]
[ASV] Extracting train:   8%|▊         | 8/100 [00:27<04:52,  3.18s/it]
[ASV] Extracting train:   9%|▉         | 9/100 [00:30<04:47,  3.16s/it]
[ASV] Extracting train:  10%|█         | 10/100 [00:33<04:43,  3.15s/it]
[ASV] Extracting train:  11%|█         | 11/100 [00:36<04:38,  3.13s/it]
[ASV] Extracting train:  12%|█▏        | 12/100 [00:39<04:35,  3.13s/it]
[ASV] Extracting train:  13%|█▎        | 13/100 [00:43<04:31,  3.12s/it]
[ASV] Extracting train:  14%|█▍        | 14/100 [00:46<04:28,  3.12s/it]
[ASV] Extracting train:  15%|█▌        | 15/100 [00:49<04:24,  3.12s/it]
[ASV] Extracting train:  16%|█▌        | 16/100 [00:52<04:21,  3.11s/it]
[ASV] Extracting train:  17%|█▋        | 17/100 [00:55<04:17,  3.11s/it]
[ASV] Extracting train:  18%|█▊        | 18/100 [00:58<04:14,  3.11s/it]
[ASV] Extracting train:  19%|█▉        | 19/100 [01:01<04:11,  3.10s/it]
[ASV] Extracting train:  20%|██        | 20/100 [01:04<04:08,  3.10s/it]
[ASV] Extracting train:  21%|██        | 21/100 [01:07<04:04,  3.10s/it]
[ASV] Extracting train:  22%|██▏       | 22/100 [01:10<04:01,  3.10s/it]
[ASV] Extracting train:  23%|██▎       | 23/100 [01:14<03:58,  3.10s/it]
[ASV] Extracting train:  24%|██▍       | 24/100 [01:17<03:55,  3.10s/it]
[ASV] Extracting train:  25%|██▌       | 25/100 [01:20<03:52,  3.10s/it]
[ASV] Extracting train:  26%|██▌       | 26/100 [01:23<03:49,  3.10s/it]
[ASV] Extracting train:  27%|██▋       | 27/100 [01:26<03:46,  3.11s/it]
[ASV] Extracting train:  28%|██▊       | 28/100 [01:29<03:43,  3.11s/it]
[ASV] Extracting train:  29%|██▉       | 29/100 [01:32<03:41,  3.11s/it]
[ASV] Extracting train:  30%|███       | 30/100 [01:35<03:38,  3.11s/it]
[ASV] Extracting train:  31%|███       | 31/100 [01:38<03:35,  3.12s/it]
[ASV] Extracting train:  32%|███▏      | 32/100 [01:42<03:31,  3.12s/it]
[ASV] Extracting train:  33%|███▎      | 33/100 [01:45<03:28,  3.12s/it]
[ASV] Extracting train:  34%|███▍      | 34/100 [01:48<03:25,  3.12s/it]
[ASV] Extracting train:  35%|███▌      | 35/100 [01:51<03:22,  3.12s/it]
[ASV] Extracting train:  36%|███▌      | 36/100 [01:54<03:19,  3.12s/it]
[ASV] Extracting train:  37%|███▋      | 37/100 [01:57<03:16,  3.12s/it]
[ASV] Extracting train:  38%|███▊      | 38/100 [02:00<03:13,  3.12s/it]
[ASV] Extracting train:  39%|███▉      | 39/100 [02:03<03:10,  3.12s/it]
[ASV] Extracting train:  40%|████      | 40/100 [02:07<03:07,  3.12s/it]
[ASV] Extracting train:  41%|████      | 41/100 [02:10<03:03,  3.12s/it]
[ASV] Extracting train:  42%|████▏     | 42/100 [02:13<03:00,  3.11s/it]
[ASV] Extracting train:  43%|████▎     | 43/100 [02:16<02:57,  3.11s/it]
[ASV] Extracting train:  44%|████▍     | 44/100 [02:19<02:54,  3.11s/it]
[ASV] Extracting train:  45%|████▌     | 45/100 [02:22<02:51,  3.11s/it]
[ASV] Extracting train:  46%|████▌     | 46/100 [02:25<02:48,  3.11s/it]
[ASV] Extracting train:  47%|████▋     | 47/100 [02:28<02:44,  3.11s/it]
[ASV] Extracting train:  48%|████▊     | 48/100 [02:31<02:41,  3.11s/it]
[ASV] Extracting train:  49%|████▉     | 49/100 [02:35<02:38,  3.11s/it]
[ASV] Extracting train:  50%|█████     | 50/100 [02:38<02:35,  3.11s/it]
[ASV] Extracting train:  51%|█████     | 51/100 [02:41<02:32,  3.11s/it]
[ASV] Extracting train:  52%|█████▏    | 52/100 [02:44<02:29,  3.11s/it]
[ASV] Extracting train:  53%|█████▎    | 53/100 [02:47<02:26,  3.11s/it]
[ASV] Extracting train:  54%|█████▍    | 54/100 [02:50<02:23,  3.11s/it]
[ASV] Extracting train:  55%|█████▌    | 55/100 [02:53<02:20,  3.11s/it]
[ASV] Extracting train:  56%|█████▌    | 56/100 [02:56<02:16,  3.11s/it]
[ASV] Extracting train:  57%|█████▋    | 57/100 [02:59<02:13,  3.11s/it]
[ASV] Extracting train:  58%|█████▊    | 58/100 [03:03<02:10,  3.11s/it]
[ASV] Extracting train:  59%|█████▉    | 59/100 [03:06<02:07,  3.11s/it]
[ASV] Extracting train:  60%|██████    | 60/100 [03:09<02:04,  3.11s/it]
[ASV] Extracting train:  61%|██████    | 61/100 [03:12<02:01,  3.11s/it]
[ASV] Extracting train:  62%|██████▏   | 62/100 [03:15<01:58,  3.11s/it]
[ASV] Extracting train:  63%|██████▎   | 63/100 [03:18<01:55,  3.11s/it]
[ASV] Extracting train:  64%|██████▍   | 64/100 [03:21<01:52,  3.11s/it]
[ASV] Extracting train:  65%|██████▌   | 65/100 [03:24<01:48,  3.11s/it]
[ASV] Extracting train:  66%|██████▌   | 66/100 [03:27<01:45,  3.11s/it]
[ASV] Extracting train:  67%|██████▋   | 67/100 [03:31<01:42,  3.11s/it]
[ASV] Extracting train:  68%|██████▊   | 68/100 [03:34<01:39,  3.11s/it]
[ASV] Extracting train:  69%|██████▉   | 69/100 [03:37<01:36,  3.11s/it]
[ASV] Extracting train:  70%|███████   | 70/100 [03:40<01:33,  3.11s/it]
[ASV] Extracting train:  71%|███████   | 71/100 [03:43<01:30,  3.12s/it]
[ASV] Extracting train:  72%|███████▏  | 72/100 [03:46<01:27,  3.12s/it]
[ASV] Extracting train:  73%|███████▎  | 73/100 [03:49<01:24,  3.12s/it]
[ASV] Extracting train:  74%|███████▍  | 74/100 [03:52<01:21,  3.12s/it]
[ASV] Extracting train:  75%|███████▌  | 75/100 [03:55<01:17,  3.12s/it]
[ASV] Extracting train:  76%|███████▌  | 76/100 [03:59<01:14,  3.12s/it]
[ASV] Extracting train:  77%|███████▋  | 77/100 [04:02<01:11,  3.12s/it]
[ASV] Extracting train:  78%|███████▊  | 78/100 [04:05<01:08,  3.12s/it]
[ASV] Extracting train:  79%|███████▉  | 79/100 [04:08<01:05,  3.12s/it]
[ASV] Extracting train:  80%|████████  | 80/100 [04:11<01:02,  3.12s/it]
[ASV] Extracting train:  81%|████████  | 81/100 [04:14<00:59,  3.12s/it]
[ASV] Extracting train:  82%|████████▏ | 82/100 [04:17<00:56,  3.11s/it]
[ASV] Extracting train:  83%|████████▎ | 83/100 [04:20<00:52,  3.11s/it]
[ASV] Extracting train:  84%|████████▍ | 84/100 [04:24<00:49,  3.12s/it]
[ASV] Extracting train:  85%|████████▌ | 85/100 [04:27<00:46,  3.12s/it]
[ASV] Extracting train:  86%|████████▌ | 86/100 [04:30<00:43,  3.12s/it]
[ASV] Extracting train:  87%|████████▋ | 87/100 [04:33<00:40,  3.12s/it]
[ASV] Extracting train:  88%|████████▊ | 88/100 [04:36<00:37,  3.12s/it]
[ASV] Extracting train:  89%|████████▉ | 89/100 [04:39<00:34,  3.12s/it]
[ASV] Extracting train:  90%|█████████ | 90/100 [04:42<00:31,  3.12s/it]
[ASV] Extracting train:  91%|█████████ | 91/100 [04:45<00:28,  3.12s/it]
[ASV] Extracting train:  92%|█████████▏| 92/100 [04:48<00:24,  3.12s/it]
[ASV] Extracting train:  93%|█████████▎| 93/100 [04:52<00:21,  3.12s/it]
[ASV] Extracting train:  94%|█████████▍| 94/100 [04:55<00:18,  3.12s/it]
[ASV] Extracting train:  95%|█████████▌| 95/100 [04:58<00:15,  3.12s/it]
[ASV] Extracting train:  96%|█████████▌| 96/100 [05:01<00:12,  3.12s/it]
[ASV] Extracting train:  97%|█████████▋| 97/100 [05:04<00:09,  3.12s/it]
[ASV] Extracting train:  98%|█████████▊| 98/100 [05:07<00:06,  3.12s/it]
[ASV] Extracting train:  99%|█████████▉| 99/100 [05:10<00:03,  3.12s/it]
[ASV] Extracting train: 100%|██████████| 100/100 [05:11<00:00,  2.32s/it]
[ASV] Extracting train: 100%|██████████| 100/100 [05:11<00:00,  3.11s/it]
[OK][ASV] Saved train: embeddings (25380, 256), labels (25380,)
     -> /scratch/hafiz_root/hafiz1/jsudan/encoder_embeddings/stage1_embeddings/ASV/facebook/wav2vec2-xls-r-300m/train_embeddings.npy
     -> /scratch/hafiz_root/hafiz1/jsudan/encoder_embeddings/stage1_embeddings/ASV/facebook/wav2vec2-xls-r-300m/train_labels.npy
==> Building ASV dataset for split: dev

[ASV] Extracting dev:   0%|          | 0/98 [00:00<?, ?it/s]
[ASV] Extracting dev:   1%|          | 1/98 [00:05<08:30,  5.26s/it]
[ASV] Extracting dev:   2%|▏         | 2/98 [00:08<06:23,  3.99s/it]
[ASV] Extracting dev:   3%|▎         | 3/98 [00:11<05:41,  3.59s/it]
[ASV] Extracting dev:   4%|▍         | 4/98 [00:14<05:19,  3.40s/it]
[ASV] Extracting dev:   5%|▌         | 5/98 [00:17<05:06,  3.30s/it]
[ASV] Extracting dev:   6%|▌         | 6/98 [00:20<04:57,  3.23s/it]
[ASV] Extracting dev:   7%|▋         | 7/98 [00:23<04:50,  3.20s/it]
[ASV] Extracting dev:   8%|▊         | 8/98 [00:27<04:45,  3.17s/it]
[ASV] Extracting dev:   9%|▉         | 9/98 [00:30<04:40,  3.15s/it]
[ASV] Extracting dev:  10%|█         | 10/98 [00:33<04:36,  3.14s/it]
[ASV] Extracting dev:  11%|█         | 11/98 [00:36<04:32,  3.13s/it]
[ASV] Extracting dev:  12%|█▏        | 12/98 [00:39<04:28,  3.12s/it]
[ASV] Extracting dev:  13%|█▎        | 13/98 [00:42<04:24,  3.12s/it]
[ASV] Extracting dev:  14%|█▍        | 14/98 [00:45<04:21,  3.11s/it]
[ASV] Extracting dev:  15%|█▌        | 15/98 [00:48<04:18,  3.11s/it]
[ASV] Extracting dev:  16%|█▋        | 16/98 [00:51<04:14,  3.11s/it]
[ASV] Extracting dev:  17%|█▋        | 17/98 [00:55<04:11,  3.11s/it]
[ASV] Extracting dev:  18%|█▊        | 18/98 [00:58<04:08,  3.11s/it]
[ASV] Extracting dev:  19%|█▉        | 19/98 [01:01<04:05,  3.11s/it]
[ASV] Extracting dev:  20%|██        | 20/98 [01:04<04:02,  3.11s/it]
[ASV] Extracting dev:  21%|██▏       | 21/98 [01:07<03:59,  3.11s/it]
[ASV] Extracting dev:  22%|██▏       | 22/98 [01:10<03:55,  3.11s/it]
[ASV] Extracting dev:  23%|██▎       | 23/98 [01:13<03:52,  3.11s/it]
[ASV] Extracting dev:  24%|██▍       | 24/98 [01:16<03:49,  3.11s/it]
[ASV] Extracting dev:  26%|██▌       | 25/98 [01:19<03:46,  3.11s/it]
[ASV] Extracting dev:  27%|██▋       | 26/98 [01:22<03:44,  3.11s/it]
[ASV] Extracting dev:  28%|██▊       | 27/98 [01:26<03:41,  3.11s/it]
[ASV] Extracting dev:  29%|██▊       | 28/98 [01:29<03:38,  3.12s/it]
[ASV] Extracting dev:  30%|██▉       | 29/98 [01:32<03:35,  3.12s/it]
[ASV] Extracting dev:  31%|███       | 30/98 [01:35<03:32,  3.12s/it]
[ASV] Extracting dev:  32%|███▏      | 31/98 [01:38<03:28,  3.12s/it]
[ASV] Extracting dev:  33%|███▎      | 32/98 [01:41<03:25,  3.12s/it]
[ASV] Extracting dev:  34%|███▎      | 33/98 [01:44<03:22,  3.12s/it]
[ASV] Extracting dev:  35%|███▍      | 34/98 [01:47<03:19,  3.12s/it]
[ASV] Extracting dev:  36%|███▌      | 35/98 [01:51<03:16,  3.12s/it]
[ASV] Extracting dev:  37%|███▋      | 36/98 [01:54<03:13,  3.12s/it]
[ASV] Extracting dev:  38%|███▊      | 37/98 [01:57<03:10,  3.12s/it]
[ASV] Extracting dev:  39%|███▉      | 38/98 [02:00<03:07,  3.12s/it]
[ASV] Extracting dev:  40%|███▉      | 39/98 [02:03<03:04,  3.12s/it]
[ASV] Extracting dev:  41%|████      | 40/98 [02:06<03:00,  3.12s/it]
[ASV] Extracting dev:  42%|████▏     | 41/98 [02:09<02:57,  3.12s/it]
[ASV] Extracting dev:  43%|████▎     | 42/98 [02:12<02:54,  3.11s/it]
[ASV] Extracting dev:  44%|████▍     | 43/98 [02:16<02:51,  3.11s/it]
[ASV] Extracting dev:  45%|████▍     | 44/98 [02:19<02:48,  3.11s/it]
[ASV] Extracting dev:  46%|████▌     | 45/98 [02:22<02:44,  3.11s/it]
[ASV] Extracting dev:  47%|████▋     | 46/98 [02:25<02:41,  3.11s/it]
[ASV] Extracting dev:  48%|████▊     | 47/98 [02:28<02:38,  3.11s/it]
[ASV] Extracting dev:  49%|████▉     | 48/98 [02:31<02:35,  3.11s/it]
[ASV] Extracting dev:  50%|█████     | 49/98 [02:34<02:32,  3.12s/it]
[ASV] Extracting dev:  51%|█████     | 50/98 [02:37<02:29,  3.11s/it]
[ASV] Extracting dev:  52%|█████▏    | 51/98 [02:40<02:26,  3.11s/it]
[ASV] Extracting dev:  53%|█████▎    | 52/98 [02:44<02:23,  3.11s/it]
[ASV] Extracting dev:  54%|█████▍    | 53/98 [02:47<02:20,  3.11s/it]
[ASV] Extracting dev:  55%|█████▌    | 54/98 [02:50<02:16,  3.11s/it]
[ASV] Extracting dev:  56%|█████▌    | 55/98 [02:53<02:13,  3.11s/it]
[ASV] Extracting dev:  57%|█████▋    | 56/98 [02:56<02:10,  3.11s/it]
[ASV] Extracting dev:  58%|█████▊    | 57/98 [02:59<02:07,  3.11s/it]
[ASV] Extracting dev:  59%|█████▉    | 58/98 [03:02<02:04,  3.11s/it]
[ASV] Extracting dev:  60%|██████    | 59/98 [03:05<02:01,  3.11s/it]
[ASV] Extracting dev:  61%|██████    | 60/98 [03:08<01:58,  3.11s/it]
[ASV] Extracting dev:  62%|██████▏   | 61/98 [03:12<01:55,  3.11s/it]
[ASV] Extracting dev:  63%|██████▎   | 62/98 [03:15<01:51,  3.11s/it]
[ASV] Extracting dev:  64%|██████▍   | 63/98 [03:18<01:48,  3.11s/it]
[ASV] Extracting dev:  65%|██████▌   | 64/98 [03:21<01:45,  3.11s/it]
[ASV] Extracting dev:  66%|██████▋   | 65/98 [03:24<01:42,  3.11s/it]
[ASV] Extracting dev:  67%|██████▋   | 66/98 [03:27<01:39,  3.11s/it]
[ASV] Extracting dev:  68%|██████▊   | 67/98 [03:30<01:36,  3.11s/it]
[ASV] Extracting dev:  69%|██████▉   | 68/98 [03:33<01:33,  3.11s/it]
[ASV] Extracting dev:  70%|███████   | 69/98 [03:36<01:30,  3.11s/it]
[ASV] Extracting dev:  71%|███████▏  | 70/98 [03:40<01:27,  3.11s/it]
[ASV] Extracting dev:  72%|███████▏  | 71/98 [03:43<01:24,  3.11s/it]
[ASV] Extracting dev:  73%|███████▎  | 72/98 [03:46<01:20,  3.11s/it]
[ASV] Extracting dev:  74%|███████▍  | 73/98 [03:49<01:17,  3.12s/it]
[ASV] Extracting dev:  76%|███████▌  | 74/98 [03:52<01:14,  3.12s/it]
[ASV] Extracting dev:  77%|███████▋  | 75/98 [03:55<01:11,  3.11s/it]
[ASV] Extracting dev:  78%|███████▊  | 76/98 [03:58<01:08,  3.12s/it]
[ASV] Extracting dev:  79%|███████▊  | 77/98 [04:01<01:05,  3.12s/it]
[ASV] Extracting dev:  80%|███████▉  | 78/98 [04:04<01:02,  3.12s/it]
[ASV] Extracting dev:  81%|████████  | 79/98 [04:08<00:59,  3.12s/it]
[ASV] Extracting dev:  82%|████████▏ | 80/98 [04:11<00:56,  3.12s/it]
[ASV] Extracting dev:  83%|████████▎ | 81/98 [04:14<00:53,  3.12s/it]
[ASV] Extracting dev:  84%|████████▎ | 82/98 [04:17<00:49,  3.12s/it]
[ASV] Extracting dev:  85%|████████▍ | 83/98 [04:20<00:46,  3.12s/it]
[ASV] Extracting dev:  86%|████████▌ | 84/98 [04:23<00:43,  3.12s/it]
[ASV] Extracting dev:  87%|████████▋ | 85/98 [04:26<00:40,  3.12s/it]
[ASV] Extracting dev:  88%|████████▊ | 86/98 [04:29<00:37,  3.12s/it]
[ASV] Extracting dev:  89%|████████▉ | 87/98 [04:33<00:34,  3.12s/it]
[ASV] Extracting dev:  90%|████████▉ | 88/98 [04:36<00:31,  3.12s/it]
[ASV] Extracting dev:  91%|█████████ | 89/98 [04:39<00:28,  3.12s/it]
[ASV] Extracting dev:  92%|█████████▏| 90/98 [04:42<00:24,  3.12s/it]
[ASV] Extracting dev:  93%|█████████▎| 91/98 [04:45<00:21,  3.12s/it]
[ASV] Extracting dev:  94%|█████████▍| 92/98 [04:48<00:18,  3.12s/it]
[ASV] Extracting dev:  95%|█████████▍| 93/98 [04:51<00:15,  3.12s/it]
[ASV] Extracting dev:  96%|█████████▌| 94/98 [04:54<00:12,  3.12s/it]
[ASV] Extracting dev:  97%|█████████▋| 95/98 [04:57<00:09,  3.12s/it]
[ASV] Extracting dev:  98%|█████████▊| 96/98 [05:01<00:06,  3.12s/it]
[ASV] Extracting dev:  99%|█████████▉| 97/98 [05:04<00:03,  3.12s/it]
[ASV] Extracting dev: 100%|██████████| 98/98 [05:04<00:00,  2.23s/it]
[ASV] Extracting dev: 100%|██████████| 98/98 [05:04<00:00,  3.11s/it]
[OK][ASV] Saved dev: embeddings (24844, 256), labels (24844,)
     -> /scratch/hafiz_root/hafiz1/jsudan/encoder_embeddings/stage1_embeddings/ASV/facebook/wav2vec2-xls-r-300m/dev_embeddings.npy
     -> /scratch/hafiz_root/hafiz1/jsudan/encoder_embeddings/stage1_embeddings/ASV/facebook/wav2vec2-xls-r-300m/dev_labels.npy
==> Building ASV dataset for split: eval

[ASV] Extracting eval:   0%|          | 0/279 [00:00<?, ?it/s]
[ASV] Extracting eval:   0%|          | 1/279 [00:05<25:19,  5.47s/it]
[ASV] Extracting eval:   1%|          | 2/279 [00:08<18:48,  4.08s/it]
[ASV] Extracting eval:   1%|          | 3/279 [00:11<16:42,  3.63s/it]
[ASV] Extracting eval:   1%|▏         | 4/279 [00:14<15:41,  3.42s/it]
[ASV] Extracting eval:   2%|▏         | 5/279 [00:17<15:06,  3.31s/it]
[ASV] Extracting eval:   2%|▏         | 6/279 [00:20<14:44,  3.24s/it]
[ASV] Extracting eval:   3%|▎         | 7/279 [00:24<14:29,  3.20s/it]
[ASV] Extracting eval:   3%|▎         | 8/279 [00:27<14:18,  3.17s/it]
[ASV] Extracting eval:   3%|▎         | 9/279 [00:30<14:10,  3.15s/it]
[ASV] Extracting eval:   4%|▎         | 10/279 [00:33<14:04,  3.14s/it]
[ASV] Extracting eval:   4%|▍         | 11/279 [00:36<13:58,  3.13s/it]
[ASV] Extracting eval:   4%|▍         | 12/279 [00:39<13:54,  3.12s/it]
[ASV] Extracting eval:   5%|▍         | 13/279 [00:42<13:50,  3.12s/it]
[ASV] Extracting eval:   5%|▌         | 14/279 [00:45<13:46,  3.12s/it]
[ASV] Extracting eval:   5%|▌         | 15/279 [00:48<13:42,  3.12s/it]
[ASV] Extracting eval:   6%|▌         | 16/279 [00:52<13:39,  3.11s/it]
[ASV] Extracting eval:   6%|▌         | 17/279 [00:55<13:35,  3.11s/it]
[ASV] Extracting eval:   6%|▋         | 18/279 [00:58<13:32,  3.11s/it]
[ASV] Extracting eval:   7%|▋         | 19/279 [01:01<13:29,  3.11s/it]
[ASV] Extracting eval:   7%|▋         | 20/279 [01:04<13:25,  3.11s/it]
[ASV] Extracting eval:   8%|▊         | 21/279 [01:07<13:22,  3.11s/it]
[ASV] Extracting eval:   8%|▊         | 22/279 [01:10<13:19,  3.11s/it]
[ASV] Extracting eval:   8%|▊         | 23/279 [01:13<13:16,  3.11s/it]
[ASV] Extracting eval:   9%|▊         | 24/279 [01:16<13:13,  3.11s/it]
[ASV] Extracting eval:   9%|▉         | 25/279 [01:20<13:10,  3.11s/it]
[ASV] Extracting eval:   9%|▉         | 26/279 [01:23<13:07,  3.11s/it]
[ASV] Extracting eval:  10%|▉         | 27/279 [01:26<13:03,  3.11s/it]
[ASV] Extracting eval:  10%|█         | 28/279 [01:29<13:01,  3.11s/it]
[ASV] Extracting eval:  10%|█         | 29/279 [01:32<12:58,  3.11s/it]
[ASV] Extracting eval:  11%|█         | 30/279 [01:35<12:54,  3.11s/it]
[ASV] Extracting eval:  11%|█         | 31/279 [01:38<12:51,  3.11s/it]
[ASV] Extracting eval:  11%|█▏        | 32/279 [01:41<12:48,  3.11s/it]
[ASV] Extracting eval:  12%|█▏        | 33/279 [01:44<12:45,  3.11s/it]
[ASV] Extracting eval:  12%|█▏        | 34/279 [01:48<12:42,  3.11s/it]
[ASV] Extracting eval:  13%|█▎        | 35/279 [01:51<12:39,  3.11s/it]
[ASV] Extracting eval:  13%|█▎        | 36/279 [01:54<12:36,  3.11s/it]
[ASV] Extracting eval:  13%|█▎        | 37/279 [01:57<12:33,  3.11s/it]
[ASV] Extracting eval:  14%|█▎        | 38/279 [02:00<12:30,  3.11s/it]
[ASV] Extracting eval:  14%|█▍        | 39/279 [02:03<12:27,  3.11s/it]
[ASV] Extracting eval:  14%|█▍        | 40/279 [02:06<12:24,  3.11s/it]
[ASV] Extracting eval:  15%|█▍        | 41/279 [02:09<12:21,  3.11s/it]
[ASV] Extracting eval:  15%|█▌        | 42/279 [02:13<12:18,  3.11s/it]
[ASV] Extracting eval:  15%|█▌        | 43/279 [02:16<12:15,  3.12s/it]
[ASV] Extracting eval:  16%|█▌        | 44/279 [02:19<12:12,  3.12s/it]
[ASV] Extracting eval:  16%|█▌        | 45/279 [02:22<12:09,  3.12s/it]
[ASV] Extracting eval:  16%|█▋        | 46/279 [02:25<12:05,  3.11s/it]
[ASV] Extracting eval:  17%|█▋        | 47/279 [02:28<12:02,  3.11s/it]
[ASV] Extracting eval:  17%|█▋        | 48/279 [02:31<11:59,  3.11s/it]
[ASV] Extracting eval:  18%|█▊        | 49/279 [02:34<11:56,  3.11s/it]
[ASV] Extracting eval:  18%|█▊        | 50/279 [02:37<11:53,  3.11s/it]
[ASV] Extracting eval:  18%|█▊        | 51/279 [02:41<11:49,  3.11s/it]
[ASV] Extracting eval:  19%|█▊        | 52/279 [02:44<11:46,  3.11s/it]
[ASV] Extracting eval:  19%|█▉        | 53/279 [02:47<11:43,  3.11s/it]
[ASV] Extracting eval:  19%|█▉        | 54/279 [02:50<11:40,  3.11s/it]
[ASV] Extracting eval:  20%|█▉        | 55/279 [02:53<11:36,  3.11s/it]
[ASV] Extracting eval:  20%|██        | 56/279 [02:56<11:33,  3.11s/it]
[ASV] Extracting eval:  20%|██        | 57/279 [02:59<11:30,  3.11s/it]
[ASV] Extracting eval:  21%|██        | 58/279 [03:02<11:27,  3.11s/it]
[ASV] Extracting eval:  21%|██        | 59/279 [03:05<11:24,  3.11s/it]
[ASV] Extracting eval:  22%|██▏       | 60/279 [03:09<11:21,  3.11s/it]
[ASV] Extracting eval:  22%|██▏       | 61/279 [03:12<11:18,  3.11s/it]
[ASV] Extracting eval:  22%|██▏       | 62/279 [03:15<11:15,  3.11s/it]
[ASV] Extracting eval:  23%|██▎       | 63/279 [03:18<11:12,  3.11s/it]
[ASV] Extracting eval:  23%|██▎       | 64/279 [03:21<11:08,  3.11s/it]
[ASV] Extracting eval:  23%|██▎       | 65/279 [03:24<11:05,  3.11s/it]
[ASV] Extracting eval:  24%|██▎       | 66/279 [03:27<11:02,  3.11s/it]
[ASV] Extracting eval:  24%|██▍       | 67/279 [03:30<10:59,  3.11s/it]
[ASV] Extracting eval:  24%|██▍       | 68/279 [03:33<10:56,  3.11s/it]
[ASV] Extracting eval:  25%|██▍       | 69/279 [03:37<10:53,  3.11s/it]
[ASV] Extracting eval:  25%|██▌       | 70/279 [03:40<10:49,  3.11s/it]
[ASV] Extracting eval:  25%|██▌       | 71/279 [03:43<10:46,  3.11s/it]
[ASV] Extracting eval:  26%|██▌       | 72/279 [03:46<10:43,  3.11s/it]
[ASV] Extracting eval:  26%|██▌       | 73/279 [03:49<10:40,  3.11s/it]
[ASV] Extracting eval:  27%|██▋       | 74/279 [03:52<10:37,  3.11s/it]
[ASV] Extracting eval:  27%|██▋       | 75/279 [03:55<10:34,  3.11s/it]
[ASV] Extracting eval:  27%|██▋       | 76/279 [03:58<10:31,  3.11s/it]
[ASV] Extracting eval:  28%|██▊       | 77/279 [04:01<10:28,  3.11s/it]
[ASV] Extracting eval:  28%|██▊       | 78/279 [04:05<10:24,  3.11s/it]
[ASV] Extracting eval:  28%|██▊       | 79/279 [04:08<10:22,  3.11s/it]
[ASV] Extracting eval:  29%|██▊       | 80/279 [04:11<10:18,  3.11s/it]
[ASV] Extracting eval:  29%|██▉       | 81/279 [04:14<10:15,  3.11s/it]
[ASV] Extracting eval:  29%|██▉       | 82/279 [04:17<10:12,  3.11s/it]
[ASV] Extracting eval:  30%|██▉       | 83/279 [04:20<10:09,  3.11s/it]
[ASV] Extracting eval:  30%|███       | 84/279 [04:23<10:06,  3.11s/it]
[ASV] Extracting eval:  30%|███       | 85/279 [04:26<10:03,  3.11s/it]
[ASV] Extracting eval:  31%|███       | 86/279 [04:29<10:00,  3.11s/it]
[ASV] Extracting eval:  31%|███       | 87/279 [04:33<09:57,  3.11s/it]
[ASV] Extracting eval:  32%|███▏      | 88/279 [04:36<09:53,  3.11s/it]
[ASV] Extracting eval:  32%|███▏      | 89/279 [04:39<09:50,  3.11s/it]
[ASV] Extracting eval:  32%|███▏      | 90/279 [04:42<09:47,  3.11s/it]
[ASV] Extracting eval:  33%|███▎      | 91/279 [04:45<09:44,  3.11s/it]
[ASV] Extracting eval:  33%|███▎      | 92/279 [04:48<09:41,  3.11s/it]
[ASV] Extracting eval:  33%|███▎      | 93/279 [04:51<09:38,  3.11s/it]
[ASV] Extracting eval:  34%|███▎      | 94/279 [04:54<09:35,  3.11s/it]
[ASV] Extracting eval:  34%|███▍      | 95/279 [04:57<09:32,  3.11s/it]
[ASV] Extracting eval:  34%|███▍      | 96/279 [05:01<09:29,  3.11s/it]
[ASV] Extracting eval:  35%|███▍      | 97/279 [05:04<09:26,  3.11s/it]
[ASV] Extracting eval:  35%|███▌      | 98/279 [05:07<09:23,  3.11s/it]
[ASV] Extracting eval:  35%|███▌      | 99/279 [05:10<09:19,  3.11s/it]
[ASV] Extracting eval:  36%|███▌      | 100/279 [05:13<09:16,  3.11s/it]
[ASV] Extracting eval:  36%|███▌      | 101/279 [05:16<09:13,  3.11s/it]
[ASV] Extracting eval:  37%|███▋      | 102/279 [05:19<09:10,  3.11s/it]
[ASV] Extracting eval:  37%|███▋      | 103/279 [05:22<09:07,  3.11s/it]
[ASV] Extracting eval:  37%|███▋      | 104/279 [05:25<09:04,  3.11s/it]
[ASV] Extracting eval:  38%|███▊      | 105/279 [05:29<09:01,  3.11s/it]
[ASV] Extracting eval:  38%|███▊      | 106/279 [05:32<08:57,  3.11s/it]
[ASV] Extracting eval:  38%|███▊      | 107/279 [05:35<08:54,  3.11s/it]
[ASV] Extracting eval:  39%|███▊      | 108/279 [05:38<08:51,  3.11s/it]
[ASV] Extracting eval:  39%|███▉      | 109/279 [05:41<08:48,  3.11s/it]
[ASV] Extracting eval:  39%|███▉      | 110/279 [05:44<08:45,  3.11s/it]
[ASV] Extracting eval:  40%|███▉      | 111/279 [05:47<08:42,  3.11s/it]
[ASV] Extracting eval:  40%|████      | 112/279 [05:50<08:39,  3.11s/it]
[ASV] Extracting eval:  41%|████      | 113/279 [05:53<08:36,  3.11s/it]
[ASV] Extracting eval:  41%|████      | 114/279 [05:57<08:32,  3.11s/it]
[ASV] Extracting eval:  41%|████      | 115/279 [06:00<08:29,  3.11s/it]
[ASV] Extracting eval:  42%|████▏     | 116/279 [06:03<08:26,  3.11s/it]
[ASV] Extracting eval:  42%|████▏     | 117/279 [06:06<08:23,  3.11s/it]
[ASV] Extracting eval:  42%|████▏     | 118/279 [06:09<08:20,  3.11s/it]
[ASV] Extracting eval:  43%|████▎     | 119/279 [06:12<08:17,  3.11s/it]
[ASV] Extracting eval:  43%|████▎     | 120/279 [06:15<08:14,  3.11s/it]
[ASV] Extracting eval:  43%|████▎     | 121/279 [06:18<08:11,  3.11s/it]
[ASV] Extracting eval:  44%|████▎     | 122/279 [06:21<08:08,  3.11s/it]
[ASV] Extracting eval:  44%|████▍     | 123/279 [06:25<08:05,  3.11s/it]
[ASV] Extracting eval:  44%|████▍     | 124/279 [06:28<08:02,  3.11s/it]
[ASV] Extracting eval:  45%|████▍     | 125/279 [06:31<07:58,  3.11s/it]
[ASV] Extracting eval:  45%|████▌     | 126/279 [06:34<07:55,  3.11s/it]
[ASV] Extracting eval:  46%|████▌     | 127/279 [06:37<07:52,  3.11s/it]
[ASV] Extracting eval:  46%|████▌     | 128/279 [06:40<07:49,  3.11s/it]
[ASV] Extracting eval:  46%|████▌     | 129/279 [06:43<07:46,  3.11s/it]
[ASV] Extracting eval:  47%|████▋     | 130/279 [06:46<07:43,  3.11s/it]
[ASV] Extracting eval:  47%|████▋     | 131/279 [06:49<07:40,  3.11s/it]
[ASV] Extracting eval:  47%|████▋     | 132/279 [06:52<07:37,  3.11s/it]
[ASV] Extracting eval:  48%|████▊     | 133/279 [06:56<07:34,  3.11s/it]
[ASV] Extracting eval:  48%|████▊     | 134/279 [06:59<07:30,  3.11s/it]
[ASV] Extracting eval:  48%|████▊     | 135/279 [07:02<07:27,  3.11s/it]
[ASV] Extracting eval:  49%|████▊     | 136/279 [07:05<07:24,  3.11s/it]
[ASV] Extracting eval:  49%|████▉     | 137/279 [07:08<07:21,  3.11s/it]
[ASV] Extracting eval:  49%|████▉     | 138/279 [07:11<07:18,  3.11s/it]
[ASV] Extracting eval:  50%|████▉     | 139/279 [07:14<07:15,  3.11s/it]
[ASV] Extracting eval:  50%|█████     | 140/279 [07:17<07:12,  3.11s/it]
[ASV] Extracting eval:  51%|█████     | 141/279 [07:20<07:09,  3.11s/it]
[ASV] Extracting eval:  51%|█████     | 142/279 [07:24<07:05,  3.11s/it]
[ASV] Extracting eval:  51%|█████▏    | 143/279 [07:27<07:02,  3.11s/it]
[ASV] Extracting eval:  52%|█████▏    | 144/279 [07:30<06:59,  3.11s/it]
[ASV] Extracting eval:  52%|█████▏    | 145/279 [07:33<06:56,  3.11s/it]
[ASV] Extracting eval:  52%|█████▏    | 146/279 [07:36<06:53,  3.11s/it]
[ASV] Extracting eval:  53%|█████▎    | 147/279 [07:39<06:50,  3.11s/it]
[ASV] Extracting eval:  53%|█████▎    | 148/279 [07:42<06:47,  3.11s/it]
[ASV] Extracting eval:  53%|█████▎    | 149/279 [07:45<06:44,  3.11s/it]
[ASV] Extracting eval:  54%|█████▍    | 150/279 [07:48<06:41,  3.11s/it]
[ASV] Extracting eval:  54%|█████▍    | 151/279 [07:52<06:37,  3.11s/it]
[ASV] Extracting eval:  54%|█████▍    | 152/279 [07:55<06:34,  3.11s/it]
[ASV] Extracting eval:  55%|█████▍    | 153/279 [07:58<06:31,  3.11s/it]
[ASV] Extracting eval:  55%|█████▌    | 154/279 [08:01<06:28,  3.11s/it]
[ASV] Extracting eval:  56%|█████▌    | 155/279 [08:04<06:25,  3.11s/it]
[ASV] Extracting eval:  56%|█████▌    | 156/279 [08:07<06:22,  3.11s/it]
[ASV] Extracting eval:  56%|█████▋    | 157/279 [08:10<06:19,  3.11s/it]
[ASV] Extracting eval:  57%|█████▋    | 158/279 [08:13<06:16,  3.11s/it]
[ASV] Extracting eval:  57%|█████▋    | 159/279 [08:16<06:13,  3.11s/it]
[ASV] Extracting eval:  57%|█████▋    | 160/279 [08:20<06:09,  3.11s/it]
[ASV] Extracting eval:  58%|█████▊    | 161/279 [08:23<06:06,  3.11s/it]
[ASV] Extracting eval:  58%|█████▊    | 162/279 [08:26<06:03,  3.11s/it]
[ASV] Extracting eval:  58%|█████▊    | 163/279 [08:29<06:00,  3.11s/it]
[ASV] Extracting eval:  59%|█████▉    | 164/279 [08:32<05:57,  3.11s/it]
[ASV] Extracting eval:  59%|█████▉    | 165/279 [08:35<05:54,  3.11s/it]
[ASV] Extracting eval:  59%|█████▉    | 166/279 [08:38<05:51,  3.11s/it]
[ASV] Extracting eval:  60%|█████▉    | 167/279 [08:41<05:48,  3.11s/it]
[ASV] Extracting eval:  60%|██████    | 168/279 [08:44<05:45,  3.11s/it]
[ASV] Extracting eval:  61%|██████    | 169/279 [08:48<05:42,  3.11s/it]
[ASV] Extracting eval:  61%|██████    | 170/279 [08:51<05:38,  3.11s/it]
[ASV] Extracting eval:  61%|██████▏   | 171/279 [08:54<05:35,  3.11s/it]
[ASV] Extracting eval:  62%|██████▏   | 172/279 [08:57<05:32,  3.11s/it]
[ASV] Extracting eval:  62%|██████▏   | 173/279 [09:00<05:29,  3.11s/it]
[ASV] Extracting eval:  62%|██████▏   | 174/279 [09:03<05:26,  3.11s/it]
[ASV] Extracting eval:  63%|██████▎   | 175/279 [09:06<05:23,  3.11s/it]
[ASV] Extracting eval:  63%|██████▎   | 176/279 [09:09<05:20,  3.11s/it]
[ASV] Extracting eval:  63%|██████▎   | 177/279 [09:12<05:17,  3.11s/it]
[ASV] Extracting eval:  64%|██████▍   | 178/279 [09:16<05:13,  3.11s/it]
[ASV] Extracting eval:  64%|██████▍   | 179/279 [09:19<05:10,  3.11s/it]
[ASV] Extracting eval:  65%|██████▍   | 180/279 [09:22<05:07,  3.11s/it]
[ASV] Extracting eval:  65%|██████▍   | 181/279 [09:25<05:04,  3.11s/it]
[ASV] Extracting eval:  65%|██████▌   | 182/279 [09:28<05:01,  3.11s/it]
[ASV] Extracting eval:  66%|██████▌   | 183/279 [09:31<04:58,  3.11s/it]
[ASV] Extracting eval:  66%|██████▌   | 184/279 [09:34<04:55,  3.11s/it]
[ASV] Extracting eval:  66%|██████▋   | 185/279 [09:37<04:52,  3.11s/it]
[ASV] Extracting eval:  67%|██████▋   | 186/279 [09:40<04:49,  3.11s/it]
[ASV] Extracting eval:  67%|██████▋   | 187/279 [09:43<04:46,  3.11s/it]
[ASV] Extracting eval:  67%|██████▋   | 188/279 [09:47<04:42,  3.11s/it]
[ASV] Extracting eval:  68%|██████▊   | 189/279 [09:50<04:39,  3.11s/it]
[ASV] Extracting eval:  68%|██████▊   | 190/279 [09:53<04:36,  3.11s/it]
[ASV] Extracting eval:  68%|██████▊   | 191/279 [09:56<04:33,  3.11s/it]
[ASV] Extracting eval:  69%|██████▉   | 192/279 [09:59<04:30,  3.11s/it]
[ASV] Extracting eval:  69%|██████▉   | 193/279 [10:02<04:27,  3.11s/it]
[ASV] Extracting eval:  70%|██████▉   | 194/279 [10:05<04:24,  3.11s/it]
[ASV] Extracting eval:  70%|██████▉   | 195/279 [10:08<04:21,  3.11s/it]
[ASV] Extracting eval:  70%|███████   | 196/279 [10:11<04:18,  3.11s/it]
[ASV] Extracting eval:  71%|███████   | 197/279 [10:15<04:15,  3.11s/it]
[ASV] Extracting eval:  71%|███████   | 198/279 [10:18<04:11,  3.11s/it]
[ASV] Extracting eval:  71%|███████▏  | 199/279 [10:21<04:08,  3.11s/it]
[ASV] Extracting eval:  72%|███████▏  | 200/279 [10:24<04:05,  3.11s/it]
[ASV] Extracting eval:  72%|███████▏  | 201/279 [10:27<04:02,  3.11s/it]
[ASV] Extracting eval:  72%|███████▏  | 202/279 [10:30<03:59,  3.11s/it]
[ASV] Extracting eval:  73%|███████▎  | 203/279 [10:33<03:56,  3.11s/it]
[ASV] Extracting eval:  73%|███████▎  | 204/279 [10:36<03:53,  3.11s/it]
[ASV] Extracting eval:  73%|███████▎  | 205/279 [10:39<03:50,  3.11s/it]
[ASV] Extracting eval:  74%|███████▍  | 206/279 [10:43<03:47,  3.11s/it]
[ASV] Extracting eval:  74%|███████▍  | 207/279 [10:46<03:43,  3.11s/it]
[ASV] Extracting eval:  75%|███████▍  | 208/279 [10:49<03:40,  3.11s/it]
[ASV] Extracting eval:  75%|███████▍  | 209/279 [10:52<03:37,  3.11s/it]
[ASV] Extracting eval:  75%|███████▌  | 210/279 [10:55<03:34,  3.11s/it]
[ASV] Extracting eval:  76%|███████▌  | 211/279 [10:58<03:31,  3.11s/it]
[ASV] Extracting eval:  76%|███████▌  | 212/279 [11:01<03:28,  3.11s/it]
[ASV] Extracting eval:  76%|███████▋  | 213/279 [11:04<03:25,  3.11s/it]
[ASV] Extracting eval:  77%|███████▋  | 214/279 [11:07<03:22,  3.11s/it]
[ASV] Extracting eval:  77%|███████▋  | 215/279 [11:11<03:19,  3.11s/it]
[ASV] Extracting eval:  77%|███████▋  | 216/279 [11:14<03:15,  3.11s/it]
[ASV] Extracting eval:  78%|███████▊  | 217/279 [11:17<03:12,  3.11s/it]
[ASV] Extracting eval:  78%|███████▊  | 218/279 [11:20<03:09,  3.11s/it]
[ASV] Extracting eval:  78%|███████▊  | 219/279 [11:23<03:06,  3.11s/it]
[ASV] Extracting eval:  79%|███████▉  | 220/279 [11:26<03:03,  3.11s/it]
[ASV] Extracting eval:  79%|███████▉  | 221/279 [11:29<03:00,  3.11s/it]
[ASV] Extracting eval:  80%|███████▉  | 222/279 [11:32<02:57,  3.12s/it]
[ASV] Extracting eval:  80%|███████▉  | 223/279 [11:35<02:54,  3.11s/it]
[ASV] Extracting eval:  80%|████████  | 224/279 [11:39<02:51,  3.11s/it]
[ASV] Extracting eval:  81%|████████  | 225/279 [11:42<02:48,  3.11s/it]
[ASV] Extracting eval:  81%|████████  | 226/279 [11:45<02:45,  3.11s/it]
[ASV] Extracting eval:  81%|████████▏ | 227/279 [11:48<02:41,  3.11s/it]
[ASV] Extracting eval:  82%|████████▏ | 228/279 [11:51<02:38,  3.11s/it]
[ASV] Extracting eval:  82%|████████▏ | 229/279 [11:54<02:35,  3.11s/it]
[ASV] Extracting eval:  82%|████████▏ | 230/279 [11:57<02:32,  3.11s/it]
[ASV] Extracting eval:  83%|████████▎ | 231/279 [12:00<02:29,  3.11s/it]
[ASV] Extracting eval:  83%|████████▎ | 232/279 [12:04<02:26,  3.11s/it]
[ASV] Extracting eval:  84%|████████▎ | 233/279 [12:07<02:23,  3.11s/it]
[ASV] Extracting eval:  84%|████████▍ | 234/279 [12:10<02:20,  3.11s/it]
[ASV] Extracting eval:  84%|████████▍ | 235/279 [12:13<02:16,  3.11s/it]
[ASV] Extracting eval:  85%|████████▍ | 236/279 [12:16<02:13,  3.11s/it]
[ASV] Extracting eval:  85%|████████▍ | 237/279 [12:19<02:10,  3.11s/it]
[ASV] Extracting eval:  85%|████████▌ | 238/279 [12:22<02:07,  3.11s/it]
[ASV] Extracting eval:  86%|████████▌ | 239/279 [12:25<02:04,  3.11s/it]
[ASV] Extracting eval:  86%|████████▌ | 240/279 [12:28<02:01,  3.11s/it]
[ASV] Extracting eval:  86%|████████▋ | 241/279 [12:32<01:58,  3.11s/it]
[ASV] Extracting eval:  87%|████████▋ | 242/279 [12:35<01:55,  3.11s/it]
[ASV] Extracting eval:  87%|████████▋ | 243/279 [12:38<01:52,  3.11s/it]
[ASV] Extracting eval:  87%|████████▋ | 244/279 [12:41<01:48,  3.11s/it]
[ASV] Extracting eval:  88%|████████▊ | 245/279 [12:44<01:45,  3.11s/it]
[ASV] Extracting eval:  88%|████████▊ | 246/279 [12:47<01:42,  3.11s/it]
[ASV] Extracting eval:  89%|████████▊ | 247/279 [12:50<01:39,  3.11s/it]
[ASV] Extracting eval:  89%|████████▉ | 248/279 [12:53<01:36,  3.11s/it]
[ASV] Extracting eval:  89%|████████▉ | 249/279 [12:56<01:33,  3.11s/it]
[ASV] Extracting eval:  90%|████████▉ | 250/279 [13:00<01:30,  3.11s/it]
[ASV] Extracting eval:  90%|████████▉ | 251/279 [13:03<01:27,  3.11s/it]
[ASV] Extracting eval:  90%|█████████ | 252/279 [13:06<01:24,  3.11s/it]
[ASV] Extracting eval:  91%|█████████ | 253/279 [13:09<01:20,  3.11s/it]
[ASV] Extracting eval:  91%|█████████ | 254/279 [13:12<01:17,  3.11s/it]
[ASV] Extracting eval:  91%|█████████▏| 255/279 [13:15<01:14,  3.11s/it]
[ASV] Extracting eval:  92%|█████████▏| 256/279 [13:18<01:11,  3.11s/it]
[ASV] Extracting eval:  92%|█████████▏| 257/279 [13:21<01:08,  3.11s/it]
[ASV] Extracting eval:  92%|█████████▏| 258/279 [13:24<01:05,  3.11s/it]
[ASV] Extracting eval:  93%|█████████▎| 259/279 [13:28<01:02,  3.11s/it]
[ASV] Extracting eval:  93%|█████████▎| 260/279 [13:31<00:59,  3.11s/it]
[ASV] Extracting eval:  94%|█████████▎| 261/279 [13:34<00:56,  3.11s/it]
[ASV] Extracting eval:  94%|█████████▍| 262/279 [13:37<00:52,  3.11s/it]
[ASV] Extracting eval:  94%|█████████▍| 263/279 [13:40<00:49,  3.11s/it]
[ASV] Extracting eval:  95%|█████████▍| 264/279 [13:43<00:46,  3.11s/it]
[ASV] Extracting eval:  95%|█████████▍| 265/279 [13:46<00:43,  3.11s/it]
[ASV] Extracting eval:  95%|█████████▌| 266/279 [13:49<00:40,  3.11s/it]
[ASV] Extracting eval:  96%|█████████▌| 267/279 [13:52<00:37,  3.11s/it]
[ASV] Extracting eval:  96%|█████████▌| 268/279 [13:56<00:34,  3.11s/it]
[ASV] Extracting eval:  96%|█████████▋| 269/279 [13:59<00:31,  3.11s/it]
[ASV] Extracting eval:  97%|█████████▋| 270/279 [14:02<00:28,  3.11s/it]
[ASV] Extracting eval:  97%|█████████▋| 271/279 [14:05<00:24,  3.11s/it]
[ASV] Extracting eval:  97%|█████████▋| 272/279 [14:08<00:21,  3.11s/it]
[ASV] Extracting eval:  98%|█████████▊| 273/279 [14:11<00:18,  3.11s/it]
[ASV] Extracting eval:  98%|█████████▊| 274/279 [14:14<00:15,  3.11s/it]
[ASV] Extracting eval:  99%|█████████▊| 275/279 [14:17<00:12,  3.11s/it]
[ASV] Extracting eval:  99%|█████████▉| 276/279 [14:21<00:09,  3.11s/it]
[ASV] Extracting eval:  99%|█████████▉| 277/279 [14:24<00:06,  3.11s/it]
[ASV] Extracting eval: 100%|█████████▉| 278/279 [14:27<00:03,  3.11s/it]
[ASV] Extracting eval: 100%|██████████| 279/279 [14:28<00:00,  2.44s/it]
[ASV] Extracting eval: 100%|██████████| 279/279 [14:28<00:00,  3.11s/it]
[OK][ASV] Saved eval: embeddings (71237, 256), labels (71237,)
     -> /scratch/hafiz_root/hafiz1/jsudan/encoder_embeddings/stage1_embeddings/ASV/facebook/wav2vec2-xls-r-300m/eval_embeddings.npy
     -> /scratch/hafiz_root/hafiz1/jsudan/encoder_embeddings/stage1_embeddings/ASV/facebook/wav2vec2-xls-r-300m/eval_labels.npy
==> Building In-The-Wild dataset...

[ITW] Extracting:   0%|          | 0/125 [00:00<?, ?it/s]
[ITW] Extracting:   1%|          | 1/125 [00:05<10:37,  5.14s/it]
[ITW] Extracting:   2%|▏         | 2/125 [00:08<08:05,  3.95s/it]
[ITW] Extracting:   2%|▏         | 3/125 [00:11<07:15,  3.57s/it]
[ITW] Extracting:   3%|▎         | 4/125 [00:14<06:49,  3.39s/it]
[ITW] Extracting:   4%|▍         | 5/125 [00:17<06:34,  3.29s/it]
[ITW] Extracting:   5%|▍         | 6/125 [00:20<06:23,  3.22s/it]
[ITW] Extracting:   6%|▌         | 7/125 [00:23<06:15,  3.19s/it]
[ITW] Extracting:   6%|▋         | 8/125 [00:26<06:09,  3.16s/it]
[ITW] Extracting:   7%|▋         | 9/125 [00:30<06:04,  3.14s/it]
[ITW] Extracting:   8%|▊         | 10/125 [00:33<06:00,  3.13s/it]
[ITW] Extracting:   9%|▉         | 11/125 [00:36<05:56,  3.13s/it]
[ITW] Extracting:  10%|▉         | 12/125 [00:39<05:52,  3.12s/it]
[ITW] Extracting:  10%|█         | 13/125 [00:42<05:49,  3.12s/it]
[ITW] Extracting:  11%|█         | 14/125 [00:45<05:45,  3.11s/it]
[ITW] Extracting:  12%|█▏        | 15/125 [00:48<05:42,  3.11s/it]
[ITW] Extracting:  13%|█▎        | 16/125 [00:51<05:39,  3.11s/it]
[ITW] Extracting:  14%|█▎        | 17/125 [00:54<05:36,  3.11s/it]
[ITW] Extracting:  14%|█▍        | 18/125 [00:58<05:33,  3.11s/it]
[ITW] Extracting:  15%|█▌        | 19/125 [01:01<05:29,  3.11s/it]
[ITW] Extracting:  16%|█▌        | 20/125 [01:04<05:26,  3.11s/it]
[ITW] Extracting:  17%|█▋        | 21/125 [01:07<05:23,  3.11s/it]
[ITW] Extracting:  18%|█▊        | 22/125 [01:10<05:20,  3.11s/it]
[ITW] Extracting:  18%|█▊        | 23/125 [01:13<05:17,  3.11s/it]
[ITW] Extracting:  19%|█▉        | 24/125 [01:16<05:14,  3.11s/it]
[ITW] Extracting:  20%|██        | 25/125 [01:19<05:11,  3.11s/it]
[ITW] Extracting:  21%|██        | 26/125 [01:22<05:08,  3.11s/it]
[ITW] Extracting:  22%|██▏       | 27/125 [01:26<05:04,  3.11s/it]
[ITW] Extracting:  22%|██▏       | 28/125 [01:29<05:01,  3.11s/it]
[ITW] Extracting:  23%|██▎       | 29/125 [01:32<04:58,  3.11s/it]
[ITW] Extracting:  24%|██▍       | 30/125 [01:35<04:55,  3.11s/it]
[ITW] Extracting:  25%|██▍       | 31/125 [01:38<04:52,  3.11s/it]
[ITW] Extracting:  26%|██▌       | 32/125 [01:41<04:49,  3.11s/it]
[ITW] Extracting:  26%|██▋       | 33/125 [01:44<04:46,  3.11s/it]
[ITW] Extracting:  27%|██▋       | 34/125 [01:47<04:43,  3.11s/it]
[ITW] Extracting:  28%|██▊       | 35/125 [01:50<04:40,  3.11s/it]
[ITW] Extracting:  29%|██▉       | 36/125 [01:54<04:37,  3.11s/it]
[ITW] Extracting:  30%|██▉       | 37/125 [01:57<04:33,  3.11s/it]
[ITW] Extracting:  30%|███       | 38/125 [02:00<04:30,  3.11s/it]
[ITW] Extracting:  31%|███       | 39/125 [02:03<04:27,  3.11s/it]
[ITW] Extracting:  32%|███▏      | 40/125 [02:06<04:24,  3.11s/it]
[ITW] Extracting:  33%|███▎      | 41/125 [02:09<04:21,  3.11s/it]
[ITW] Extracting:  34%|███▎      | 42/125 [02:12<04:18,  3.11s/it]
[ITW] Extracting:  34%|███▍      | 43/125 [02:15<04:15,  3.11s/it]
[ITW] Extracting:  35%|███▌      | 44/125 [02:18<04:12,  3.11s/it]
[ITW] Extracting:  36%|███▌      | 45/125 [02:22<04:09,  3.11s/it]
[ITW] Extracting:  37%|███▋      | 46/125 [02:25<04:05,  3.11s/it]
[ITW] Extracting:  38%|███▊      | 47/125 [02:28<04:02,  3.11s/it]
[ITW] Extracting:  38%|███▊      | 48/125 [02:31<03:59,  3.11s/it]
[ITW] Extracting:  39%|███▉      | 49/125 [02:34<03:56,  3.11s/it]
[ITW] Extracting:  40%|████      | 50/125 [02:37<03:53,  3.11s/it]
[ITW] Extracting:  41%|████      | 51/125 [02:40<03:50,  3.11s/it]
[ITW] Extracting:  42%|████▏     | 52/125 [02:43<03:47,  3.11s/it]
[ITW] Extracting:  42%|████▏     | 53/125 [02:46<03:44,  3.11s/it]
[ITW] Extracting:  43%|████▎     | 54/125 [02:50<03:40,  3.11s/it]
[ITW] Extracting:  44%|████▍     | 55/125 [02:53<03:37,  3.11s/it]
[ITW] Extracting:  45%|████▍     | 56/125 [02:56<03:34,  3.11s/it]
[ITW] Extracting:  46%|████▌     | 57/125 [02:59<03:31,  3.11s/it]
[ITW] Extracting:  46%|████▋     | 58/125 [03:02<03:28,  3.11s/it]
[ITW] Extracting:  47%|████▋     | 59/125 [03:05<03:25,  3.11s/it]
[ITW] Extracting:  48%|████▊     | 60/125 [03:08<03:22,  3.11s/it]
[ITW] Extracting:  49%|████▉     | 61/125 [03:11<03:19,  3.11s/it]
[ITW] Extracting:  50%|████▉     | 62/125 [03:14<03:16,  3.11s/it]
[ITW] Extracting:  50%|█████     | 63/125 [03:18<03:13,  3.11s/it]
[ITW] Extracting:  51%|█████     | 64/125 [03:21<03:09,  3.11s/it]
[ITW] Extracting:  52%|█████▏    | 65/125 [03:24<03:06,  3.11s/it]
[ITW] Extracting:  53%|█████▎    | 66/125 [03:27<03:03,  3.11s/it]
[ITW] Extracting:  54%|█████▎    | 67/125 [03:30<03:00,  3.11s/it]
[ITW] Extracting:  54%|█████▍    | 68/125 [03:33<02:57,  3.11s/it]
[ITW] Extracting:  55%|█████▌    | 69/125 [03:36<02:54,  3.11s/it]
[ITW] Extracting:  56%|█████▌    | 70/125 [03:39<02:51,  3.11s/it]
[ITW] Extracting:  57%|█████▋    | 71/125 [03:42<02:48,  3.11s/it]
[ITW] Extracting:  58%|█████▊    | 72/125 [03:46<02:44,  3.11s/it]
[ITW] Extracting:  58%|█████▊    | 73/125 [03:49<02:41,  3.11s/it]
[ITW] Extracting:  59%|█████▉    | 74/125 [03:52<02:38,  3.11s/it]
[ITW] Extracting:  60%|██████    | 75/125 [03:55<02:35,  3.11s/it]
[ITW] Extracting:  61%|██████    | 76/125 [03:58<02:32,  3.11s/it]
[ITW] Extracting:  62%|██████▏   | 77/125 [04:01<02:29,  3.11s/it]
[ITW] Extracting:  62%|██████▏   | 78/125 [04:04<02:26,  3.11s/it]
[ITW] Extracting:  63%|██████▎   | 79/125 [04:07<02:23,  3.11s/it]
[ITW] Extracting:  64%|██████▍   | 80/125 [04:10<02:20,  3.11s/it]
[ITW] Extracting:  65%|██████▍   | 81/125 [04:14<02:16,  3.11s/it]
[ITW] Extracting:  66%|██████▌   | 82/125 [04:17<02:13,  3.11s/it]
[ITW] Extracting:  66%|██████▋   | 83/125 [04:20<02:10,  3.11s/it]
[ITW] Extracting:  67%|██████▋   | 84/125 [04:23<02:07,  3.11s/it]
[ITW] Extracting:  68%|██████▊   | 85/125 [04:26<02:04,  3.11s/it]
[ITW] Extracting:  69%|██████▉   | 86/125 [04:29<02:01,  3.11s/it]
[ITW] Extracting:  70%|██████▉   | 87/125 [04:32<01:58,  3.11s/it]
[ITW] Extracting:  70%|███████   | 88/125 [04:35<01:55,  3.11s/it]
[ITW] Extracting:  71%|███████   | 89/125 [04:39<01:52,  3.11s/it]
[ITW] Extracting:  72%|███████▏  | 90/125 [04:42<01:48,  3.11s/it]
[ITW] Extracting:  73%|███████▎  | 91/125 [04:45<01:45,  3.11s/it]
[ITW] Extracting:  74%|███████▎  | 92/125 [04:48<01:42,  3.11s/it]
[ITW] Extracting:  74%|███████▍  | 93/125 [04:51<01:39,  3.11s/it]
[ITW] Extracting:  75%|███████▌  | 94/125 [04:54<01:36,  3.11s/it]
[ITW] Extracting:  76%|███████▌  | 95/125 [04:57<01:33,  3.11s/it]
[ITW] Extracting:  77%|███████▋  | 96/125 [05:00<01:30,  3.11s/it]
[ITW] Extracting:  78%|███████▊  | 97/125 [05:03<01:27,  3.11s/it]
[ITW] Extracting:  78%|███████▊  | 98/125 [05:07<01:24,  3.11s/it]
[ITW] Extracting:  79%|███████▉  | 99/125 [05:10<01:20,  3.11s/it]
[ITW] Extracting:  80%|████████  | 100/125 [05:13<01:17,  3.11s/it]
[ITW] Extracting:  81%|████████  | 101/125 [05:16<01:14,  3.11s/it]
[ITW] Extracting:  82%|████████▏ | 102/125 [05:19<01:11,  3.11s/it]
[ITW] Extracting:  82%|████████▏ | 103/125 [05:22<01:08,  3.11s/it]
[ITW] Extracting:  83%|████████▎ | 104/125 [05:25<01:05,  3.11s/it]
[ITW] Extracting:  84%|████████▍ | 105/125 [05:28<01:02,  3.11s/it]
[ITW] Extracting:  85%|████████▍ | 106/125 [05:31<00:59,  3.11s/it]
[ITW] Extracting:  86%|████████▌ | 107/125 [05:35<00:56,  3.11s/it]
[ITW] Extracting:  86%|████████▋ | 108/125 [05:38<00:52,  3.11s/it]
[ITW] Extracting:  87%|████████▋ | 109/125 [05:41<00:49,  3.11s/it]
[ITW] Extracting:  88%|████████▊ | 110/125 [05:44<00:46,  3.11s/it]
[ITW] Extracting:  89%|████████▉ | 111/125 [05:47<00:43,  3.11s/it]
[ITW] Extracting:  90%|████████▉ | 112/125 [05:50<00:40,  3.11s/it]
[ITW] Extracting:  90%|█████████ | 113/125 [05:53<00:37,  3.11s/it]
[ITW] Extracting:  91%|█████████ | 114/125 [05:56<00:34,  3.11s/it]
[ITW] Extracting:  92%|█████████▏| 115/125 [05:59<00:31,  3.11s/it]
[ITW] Extracting:  93%|█████████▎| 116/125 [06:03<00:28,  3.11s/it]
[ITW] Extracting:  94%|█████████▎| 117/125 [06:06<00:24,  3.11s/it]
[ITW] Extracting:  94%|█████████▍| 118/125 [06:09<00:21,  3.11s/it]
[ITW] Extracting:  95%|█████████▌| 119/125 [06:12<00:18,  3.11s/it]
[ITW] Extracting:  96%|█████████▌| 120/125 [06:15<00:15,  3.11s/it]
[ITW] Extracting:  97%|█████████▋| 121/125 [06:18<00:12,  3.11s/it]
[ITW] Extracting:  98%|█████████▊| 122/125 [06:21<00:09,  3.11s/it]
[ITW] Extracting:  98%|█████████▊| 123/125 [06:24<00:06,  3.11s/it]
[ITW] Extracting:  99%|█████████▉| 124/125 [06:27<00:03,  3.11s/it]
[ITW] Extracting: 100%|██████████| 125/125 [06:28<00:00,  2.31s/it]
[ITW] Extracting: 100%|██████████| 125/125 [06:28<00:00,  3.11s/it]
[OK][ITW] Saved ITW embeddings: (31779, 256), labels (31779,)
     -> /scratch/hafiz_root/hafiz1/jsudan/encoder_embeddings/stage1_embeddings/ITW/facebook/wav2vec2-xls-r-300m/itw_embeddings.npy
     -> /scratch/hafiz_root/hafiz1/jsudan/encoder_embeddings/stage1_embeddings/ITW/facebook/wav2vec2-xls-r-300m/itw_labels.npy
----------------------------------------------------------------
Training script finished.
Job finished at: Mon Dec 22 00:25:28 EST 2025
