Setting up the environment...
Job started on gl1507.arc-ts.umich.edu at Tue Nov 11 01:23:15 EST 2025
Python version: Python 3.9.7
PyTorch version: 2.8.0+cu128
CUDA available: True
Current GPU: NVIDIA A40
----------------------------------------------------------------
Starting the Python training script...
Some weights of Wav2Vec2Model were not initialized from the model checkpoint at facebook/wav2vec2-large-960h and are newly initialized: ['masked_spec_embed']
You should probably TRAIN this model on a down-stream task to be able to use it for predictions and inference.
Using device: cuda
Loaded checkpoint from: checkpoints_stage1/stage1_head_best.pt
Collecting embeddings on eval set...
/home/jsudan/myenv/lib/python3.9/site-packages/umap/umap_.py:1952: UserWarning: n_jobs value 1 overridden to 1 by setting random_state. Use no seed for parallelism.
  warn(
/home/jsudan/myenv/lib/python3.9/site-packages/numba/np/ufunc/parallel.py:371: NumbaWarning: The TBB threading layer requires TBB version 2021 update 6 or later i.e., TBB_INTERFACE_VERSION >= 12060. Found TBB_INTERFACE_VERSION = 12040. The TBB threading layer is disabled.
  warnings.warn(problem)
No protocol specified
  Processed 1280 samples...
  Processed 2560 samples...
  Processed 3840 samples...
  Processed 5120 samples...
  Processed 6400 samples...
  Processed 7680 samples...
  Processed 8960 samples...
  Processed 10240 samples...
  Processed 11520 samples...
  Processed 12800 samples...
  Processed 14080 samples...
  Processed 15360 samples...
  Processed 16640 samples...
  Processed 17920 samples...
  Processed 19200 samples...
  Processed 20480 samples...
  Processed 21760 samples...
  Processed 23040 samples...
  Processed 24320 samples...
  Processed 25600 samples...
  Processed 26880 samples...
  Processed 28160 samples...
  Processed 29440 samples...
  Processed 30720 samples...
  Processed 32000 samples...
  Processed 33280 samples...
  Processed 34560 samples...
  Processed 35840 samples...
  Processed 37120 samples...
  Processed 38400 samples...
  Processed 39680 samples...
  Processed 40960 samples...
  Processed 42240 samples...
  Processed 43520 samples...
  Processed 44800 samples...
  Processed 46080 samples...
  Processed 47360 samples...
  Processed 48640 samples...
  Processed 49920 samples...
  Processed 51200 samples...
  Processed 52480 samples...
  Processed 53760 samples...
  Processed 55040 samples...
  Processed 56320 samples...
  Processed 57600 samples...
  Processed 58880 samples...
  Processed 60160 samples...
  Processed 61440 samples...
  Processed 62720 samples...
  Processed 64000 samples...
  Processed 65280 samples...
  Processed 66560 samples...
  Processed 67840 samples...
  Processed 69120 samples...
  Processed 70400 samples...
Total eval embeddings: 71237 (dim=256)
Running UMAP...
Saving PNG plot...
Saved PNG: plots/dep_embeddings/stage1_umap_eval_by_attack.png
Saving interactive HTML plot...
Saved HTML: plots/dep_embeddings/stage1_umap_eval_by_attack.html
Done.
----------------------------------------------------------------
Training script finished.
Job finished at: Tue Nov 11 01:39:24 EST 2025
