Setting up the environment...
Job started on gl1519.arc-ts.umich.edu at Thu Nov 20 19:39:35 EST 2025
Python version: Python 3.9.7
PyTorch version: 2.8.0+cu128
CUDA available: True
Current GPU: NVIDIA A40
----------------------------------------------------------------
Starting the Subspace umap script...
Some weights of Wav2Vec2Model were not initialized from the model checkpoint at facebook/wav2vec2-large-960h and are newly initialized: ['masked_spec_embed']
You should probably TRAIN this model on a down-stream task to be able to use it for predictions and inference.
Using device: cuda
Collecting Wav2Vec2 embeddings on eval set...
/home/jsudan/myenv/lib/python3.9/site-packages/umap/umap_.py:1952: UserWarning: n_jobs value 1 overridden to 1 by setting random_state. Use no seed for parallelism.
  warn(
/home/jsudan/myenv/lib/python3.9/site-packages/numba/np/ufunc/parallel.py:371: NumbaWarning: The TBB threading layer requires TBB version 2021 update 6 or later i.e., TBB_INTERFACE_VERSION >= 12060. Found TBB_INTERFACE_VERSION = 12040. The TBB threading layer is disabled.
  warnings.warn(problem)
No protocol specified
  Processed 5120 samples...
  Processed 10240 samples...
  Processed 15360 samples...
  Processed 20480 samples...
  Processed 25600 samples...
  Processed 30720 samples...
  Processed 35840 samples...
  Processed 40960 samples...
  Processed 46080 samples...
  Processed 51200 samples...
  Processed 56320 samples...
  Processed 61440 samples...
  Processed 66560 samples...
Total eval embeddings: 71237 (dim=1024)
Running UMAP...
Saving PNG plot...
Saved PNG: plots/raw_embeddings/ASV/wav2vec_umap_eval_by_attack.png
Saving interactive HTML plot...
Saved HTML: plots/raw_embeddings/ASV/wav2vec_umap_eval_by_attack.html
Done.
Some weights of Wav2Vec2Model were not initialized from the model checkpoint at facebook/wav2vec2-large-960h and are newly initialized: ['masked_spec_embed']
You should probably TRAIN this model on a down-stream task to be able to use it for predictions and inference.
Using device: cuda
Collecting Wav2Vec2 embeddings on ITW...
/home/jsudan/myenv/lib/python3.9/site-packages/umap/umap_.py:1952: UserWarning: n_jobs value 1 overridden to 1 by setting random_state. Use no seed for parallelism.
  warn(
/home/jsudan/myenv/lib/python3.9/site-packages/numba/np/ufunc/parallel.py:371: NumbaWarning: The TBB threading layer requires TBB version 2021 update 6 or later i.e., TBB_INTERFACE_VERSION >= 12060. Found TBB_INTERFACE_VERSION = 12040. The TBB threading layer is disabled.
  warnings.warn(problem)
No protocol specified
  Processed 5120 samples...
  Processed 10240 samples...
  Processed 15360 samples...
  Processed 20480 samples...
  Processed 25600 samples...
  Processed 30720 samples...
Total ITW embeddings: 31779 (dim=1024)
Running UMAP...
Saving PNG plot...
Saved PNG: plots/raw_embeddings/ITW/wav2vec_umap_itw_real_vs_spoof.png
Saving interactive HTML plot...
Saved HTML: plots/raw_embeddings/ITW/wav2vec_umap_itw_real_vs_spoof.html
Done.
----------------------------------------------------------------
Job finished at: Thu Nov 20 20:18:32 EST 2025
