Setting up the environment...
Job started on gl1526.arc-ts.umich.edu at Sat Dec 27 12:46:13 EST 2025
Python version: Python 3.9.7
PyTorch version: 2.8.0+cu128
CUDA available: True
Current GPU: NVIDIA A40
----------------------------------------------------------------
Starting the Python training script...
/home/jsudan/wav2vec_contr_loss/baseline_train.py:374: FutureWarning: `torch.cuda.amp.GradScaler(args...)` is deprecated. Please use `torch.amp.GradScaler('cuda', args...)` instead.
  scaler = torch.cuda.amp.GradScaler()
Model: facebook/wav2vec2-xls-r-300m
Device: cuda | AMP=True | RawBoost=True (p=0.7)
Finetune encoder: True
pos_weight (neg/pos) = 8.5541
/home/jsudan/wav2vec_contr_loss/baseline_train.py:200: FutureWarning: `torch.cuda.amp.autocast(args...)` is deprecated. Please use `torch.amp.autocast('cuda', args...)` instead.
  with torch.cuda.amp.autocast():
[DEV] acc@0.5=10.47% | acc@eer_thr=67.43% | eer_thr=0.8609
[epoch 001] train_loss=1.9333 | dev_loss=1.8411 | dev_eer=32.51% | dev_acc=10.47%
Traceback (most recent call last):
  File "/home/jsudan/wav2vec_contr_loss/baseline_train.py", line 438, in <module>
    main()
  File "/home/jsudan/wav2vec_contr_loss/baseline_train.py", line 390, in main
    print("DEV label counts:", {v: int((y == v).sum()) for v in np.unique(y)})
NameError: name 'y' is not defined
Device: cuda
[OK] Loaded baseline checkpoint: /home/jsudan/wav2vec_contr_loss/checkpoints_baseline/bce/facebook__wav2vec2-xls-r-300m/facebook__wav2vec2-xls-r-300m_baseline_bce_best.pt
Scoring -> score_cm_eval.txt:   0%|          | 0/557 [00:00<?, ?it/s]Scoring -> score_cm_eval.txt:   0%|          | 1/557 [00:03<36:28,  3.94s/it]Scoring -> score_cm_eval.txt:   0%|          | 2/557 [00:05<23:36,  2.55s/it]Scoring -> score_cm_eval.txt:   1%|          | 3/557 [00:07<19:29,  2.11s/it]Scoring -> score_cm_eval.txt:   1%|          | 4/557 [00:08<17:33,  1.91s/it]Scoring -> score_cm_eval.txt:   1%|          | 5/557 [00:10<16:27,  1.79s/it]Scoring -> score_cm_eval.txt:   1%|          | 6/557 [00:11<15:46,  1.72s/it]Scoring -> score_cm_eval.txt:   1%|▏         | 7/557 [00:13<15:20,  1.67s/it]Scoring -> score_cm_eval.txt:   1%|▏         | 8/557 [00:15<15:04,  1.65s/it]Scoring -> score_cm_eval.txt:   2%|▏         | 9/557 [00:16<14:51,  1.63s/it]slurmstepd: error: *** JOB 38957388 ON gl1526 CANCELLED AT 2025-12-27T12:48:02 ***
